<?xml version="1.0" encoding="UTF-8"?>
<!-- Generated by org.testng.reporters.JUnitXMLReporter -->
<testsuite ignored="5" hostname="AshuPc" failures="0" tests="0" time="0.034" errors="0" timestamp="2023-10-29T00:02:22 PDT">
  <testcase classname="com.tests.automationSalesforce.SfdcLogin" name="forgotPassword" time="0.0">
    <ignored/>
  </testcase> <!-- forgotPassword -->
  <testcase classname="com.tests.automationSalesforce.SfdcLogin" name="wrongCredentials" time="0.0">
    <ignored/>
  </testcase> <!-- wrongCredentials -->
  <testcase classname="com.tests.automationSalesforce.SfdcLogin" name="loginSaleforce" time="0.0">
    <ignored/>
  </testcase> <!-- loginSaleforce -->
  <testcase classname="com.tests.automationSalesforce.SfdcLogin" name="loginErrorMessageTc1" time="0.0">
    <ignored/>
  </testcase> <!-- loginErrorMessageTc1 -->
  <testcase classname="com.tests.automationSalesforce.SfdcLogin" name="checkRememberMe" time="0.0">
    <ignored/>
  </testcase> <!-- checkRememberMe -->
</testsuite>
