<?xml version="1.0" encoding="UTF-8"?>
<testng-results ignored="5" total="5" passed="0" failed="0" skipped="0">
  <reporter-output>
  </reporter-output>
  <suite started-at="2023-10-29T00:02:22 PDT" name="Default suite" finished-at="2023-10-29T00:02:22 PDT" duration-ms="34">
    <groups>
    </groups>
    <test started-at="2023-10-29T00:02:22 PDT" name="Default test" finished-at="2023-10-29T00:02:22 PDT" duration-ms="34">
      <class name="com.tests.automationSalesforce.SfdcLogin">
        <test-method is-config="true" signature="closeBrowser()[pri:0, instance:com.tests.automationSalesforce.SfdcLogin@1530c739]" started-at="2023-10-29T00:02:22 PDT" name="closeBrowser" finished-at="2023-10-29T00:02:22 PDT" duration-ms="13" status="PASS">
          <reporter-output>
          </reporter-output>
        </test-method> <!-- closeBrowser -->
      </class> <!-- com.tests.automationSalesforce.SfdcLogin -->
    </test> <!-- Default test -->
  </suite> <!-- Default suite -->
</testng-results>
