<?xml version="1.0" encoding="UTF-8"?>
<!-- Generated by org.testng.reporters.JUnitReportReporter -->
<testsuite hostname="AshuPc" failures="1" tests="6" name="com.tests.automationSalesforce.UserMenuDropDown" time="133.641" errors="4" timestamp="2023-10-28T22:56:02 PDT" skipped="0">
  <testcase classname="com.tests.automationSalesforce.UserMenuDropDown" name="filevalidation" time="24.038">
    <error message="invalid argument: File not found : &quot;C:\Users\ashum\OneDrive\Pictures\Screenshots\Screenshot 2023-04-19 125354.png&quot;
  (Session info: chrome=118.0.5993.70)
Build info: version: &#039;4.13.0&#039;, revision: &#039;ba948ece5b*&#039;
System info: os.name: &#039;Windows 11&#039;, os.arch: &#039;amd64&#039;, os.version: &#039;10.0&#039;, java.version: &#039;17.0.6&#039;
Driver info: org.openqa.selenium.chrome.ChromeDriver
Command: [a2054666fffc47e142fd4b22880df8e0, sendKeysToElement {id=DCAEEF641ABA727421ACAA634CFA472F_element_139, value=[Ljava.lang.CharSequence;@5faeeb56}]
Capabilities {acceptInsecureCerts: false, browserName: chrome, browserVersion: 118.0.5993.70, chrome: {chromedriverVersion: 118.0.5993.70 (e52f33f30b91..., userDataDir: C:\Users\ashum\AppData\Loca...}, fedcm:accounts: true, goog:chromeOptions: {debuggerAddress: localhost:53733}, networkConnectionEnabled: false, pageLoadStrategy: normal, platformName: windows, proxy: Proxy(), se:cdp: ws://localhost:53733/devtoo..., se:cdpVersion: 118.0.5993.70, setWindowRect: true, strictFileInteractability: false, timeouts: {implicit: 0, pageLoad: 300000, script: 30000}, unhandledPromptBehavior: dismiss and notify, webauthn:extension:credBlob: true, webauthn:extension:largeBlob: true, webauthn:extension:minPinLength: true, webauthn:extension:prf: true, webauthn:virtualAuthenticators: true}
Element: [[ChromeDriver: chrome on windows (a2054666fffc47e142fd4b22880df8e0)] -&gt; xpath: //*[@id=&quot;chatterFile&quot;]]
Session ID: a2054666fffc47e142fd4b22880df8e0" type="org.openqa.selenium.InvalidArgumentException">
      <![CDATA[org.openqa.selenium.InvalidArgumentException: invalid argument: File not found : "C:\Users\ashum\OneDrive\Pictures\Screenshots\Screenshot 2023-04-19 125354.png"
  (Session info: chrome=118.0.5993.70)
Build info: version: '4.13.0', revision: 'ba948ece5b*'
System info: os.name: 'Windows 11', os.arch: 'amd64', os.version: '10.0', java.version: '17.0.6'
Driver info: org.openqa.selenium.chrome.ChromeDriver
Command: [a2054666fffc47e142fd4b22880df8e0, sendKeysToElement {id=DCAEEF641ABA727421ACAA634CFA472F_element_139, value=[Ljava.lang.CharSequence;@5faeeb56}]
Capabilities {acceptInsecureCerts: false, browserName: chrome, browserVersion: 118.0.5993.70, chrome: {chromedriverVersion: 118.0.5993.70 (e52f33f30b91..., userDataDir: C:\Users\ashum\AppData\Loca...}, fedcm:accounts: true, goog:chromeOptions: {debuggerAddress: localhost:53733}, networkConnectionEnabled: false, pageLoadStrategy: normal, platformName: windows, proxy: Proxy(), se:cdp: ws://localhost:53733/devtoo..., se:cdpVersion: 118.0.5993.70, setWindowRect: true, strictFileInteractability: false, timeouts: {implicit: 0, pageLoad: 300000, script: 30000}, unhandledPromptBehavior: dismiss and notify, webauthn:extension:credBlob: true, webauthn:extension:largeBlob: true, webauthn:extension:minPinLength: true, webauthn:extension:prf: true, webauthn:virtualAuthenticators: true}
Element: [[ChromeDriver: chrome on windows (a2054666fffc47e142fd4b22880df8e0)] -> xpath: //*[@id="chatterFile"]]
Session ID: a2054666fffc47e142fd4b22880df8e0
at java.base/jdk.internal.reflect.NativeConstructorAccessorImpl.newInstance0(Native Method)
at java.base/jdk.internal.reflect.NativeConstructorAccessorImpl.newInstance(NativeConstructorAccessorImpl.java:77)
at java.base/jdk.internal.reflect.DelegatingConstructorAccessorImpl.newInstance(DelegatingConstructorAccessorImpl.java:45)
at java.base/java.lang.reflect.Constructor.newInstanceWithCaller(Constructor.java:499)
at java.base/java.lang.reflect.Constructor.newInstance(Constructor.java:480)
at org.openqa.selenium.remote.codec.w3c.W3CHttpResponseCodec.createException(W3CHttpResponseCodec.java:200)
at org.openqa.selenium.remote.codec.w3c.W3CHttpResponseCodec.decode(W3CHttpResponseCodec.java:133)
at org.openqa.selenium.remote.codec.w3c.W3CHttpResponseCodec.decode(W3CHttpResponseCodec.java:52)
at org.openqa.selenium.remote.HttpCommandExecutor.execute(HttpCommandExecutor.java:191)
at org.openqa.selenium.remote.service.DriverCommandExecutor.invokeExecute(DriverCommandExecutor.java:196)
at org.openqa.selenium.remote.service.DriverCommandExecutor.execute(DriverCommandExecutor.java:171)
at org.openqa.selenium.remote.RemoteWebDriver.execute(RemoteWebDriver.java:602)
at org.openqa.selenium.remote.RemoteWebElement.execute(RemoteWebElement.java:224)
at org.openqa.selenium.remote.RemoteWebElement.sendKeys(RemoteWebElement.java:111)
at com.tests.automationSalesforce.UserMenuDropDown.filevalidation(UserMenuDropDown.java:148)
at java.base/jdk.internal.reflect.NativeMethodAccessorImpl.invoke0(Native Method)
at java.base/jdk.internal.reflect.NativeMethodAccessorImpl.invoke(NativeMethodAccessorImpl.java:77)
at java.base/jdk.internal.reflect.DelegatingMethodAccessorImpl.invoke(DelegatingMethodAccessorImpl.java:43)
at java.base/java.lang.reflect.Method.invoke(Method.java:568)
at org.testng.internal.invokers.MethodInvocationHelper.invokeMethod(MethodInvocationHelper.java:139)
at org.testng.internal.invokers.TestInvoker.invokeMethod(TestInvoker.java:677)
at org.testng.internal.invokers.TestInvoker.invokeTestMethod(TestInvoker.java:221)
at org.testng.internal.invokers.MethodRunner.runInSequence(MethodRunner.java:50)
at org.testng.internal.invokers.TestInvoker$MethodInvocationAgent.invoke(TestInvoker.java:969)
at org.testng.internal.invokers.TestInvoker.invokeTestMethods(TestInvoker.java:194)
at org.testng.internal.invokers.TestMethodWorker.invokeTestMethods(TestMethodWorker.java:148)
at org.testng.internal.invokers.TestMethodWorker.run(TestMethodWorker.java:128)
at java.base/java.util.ArrayList.forEach(ArrayList.java:1511)
at org.testng.TestRunner.privateRun(TestRunner.java:829)
at org.testng.TestRunner.run(TestRunner.java:602)
at org.testng.SuiteRunner.runTest(SuiteRunner.java:437)
at org.testng.SuiteRunner.runSequentially(SuiteRunner.java:431)
at org.testng.SuiteRunner.privateRun(SuiteRunner.java:391)
at org.testng.SuiteRunner.run(SuiteRunner.java:330)
at org.testng.SuiteRunnerWorker.runSuite(SuiteRunnerWorker.java:52)
at org.testng.SuiteRunnerWorker.run(SuiteRunnerWorker.java:95)
at org.testng.TestNG.runSuitesSequentially(TestNG.java:1256)
at org.testng.TestNG.runSuitesLocally(TestNG.java:1176)
at org.testng.TestNG.runSuites(TestNG.java:1099)
at org.testng.TestNG.run(TestNG.java:1067)
at org.testng.remote.AbstractRemoteTestNG.run(AbstractRemoteTestNG.java:115)
at org.testng.remote.RemoteTestNG.initAndRun(RemoteTestNG.java:251)
at org.testng.remote.RemoteTestNG.main(RemoteTestNG.java:77)
]]>
    </error>
  </testcase> <!-- filevalidation -->
  <system-out/>
  <testcase classname="com.tests.automationSalesforce.UserMenuDropDown" name="photoUpload" time="23.264">
    <error message="invalid argument: File not found : C:\pic.png
  (Session info: chrome=118.0.5993.70)
Build info: version: &#039;4.13.0&#039;, revision: &#039;ba948ece5b*&#039;
System info: os.name: &#039;Windows 11&#039;, os.arch: &#039;amd64&#039;, os.version: &#039;10.0&#039;, java.version: &#039;17.0.6&#039;
Driver info: org.openqa.selenium.chrome.ChromeDriver
Command: [82979b8a856a2c9029544245c0eccfd7, sendKeysToElement {id=89EECB605BA1135E45E72FD368EB062A_element_137, value=[Ljava.lang.CharSequence;@32dcfeea}]
Capabilities {acceptInsecureCerts: false, browserName: chrome, browserVersion: 118.0.5993.70, chrome: {chromedriverVersion: 118.0.5993.70 (e52f33f30b91..., userDataDir: C:\Users\ashum\AppData\Loca...}, fedcm:accounts: true, goog:chromeOptions: {debuggerAddress: localhost:53979}, networkConnectionEnabled: false, pageLoadStrategy: normal, platformName: windows, proxy: Proxy(), se:cdp: ws://localhost:53979/devtoo..., se:cdpVersion: 118.0.5993.70, setWindowRect: true, strictFileInteractability: false, timeouts: {implicit: 0, pageLoad: 300000, script: 30000}, unhandledPromptBehavior: dismiss and notify, webauthn:extension:credBlob: true, webauthn:extension:largeBlob: true, webauthn:extension:minPinLength: true, webauthn:extension:prf: true, webauthn:virtualAuthenticators: true}
Element: [[ChromeDriver: chrome on windows (82979b8a856a2c9029544245c0eccfd7)] -&gt; xpath: //*[@id=&quot;j_id0:uploadFileForm:uploadInputFile&quot;]]
Session ID: 82979b8a856a2c9029544245c0eccfd7" type="org.openqa.selenium.InvalidArgumentException">
      <![CDATA[org.openqa.selenium.InvalidArgumentException: invalid argument: File not found : C:\pic.png
  (Session info: chrome=118.0.5993.70)
Build info: version: '4.13.0', revision: 'ba948ece5b*'
System info: os.name: 'Windows 11', os.arch: 'amd64', os.version: '10.0', java.version: '17.0.6'
Driver info: org.openqa.selenium.chrome.ChromeDriver
Command: [82979b8a856a2c9029544245c0eccfd7, sendKeysToElement {id=89EECB605BA1135E45E72FD368EB062A_element_137, value=[Ljava.lang.CharSequence;@32dcfeea}]
Capabilities {acceptInsecureCerts: false, browserName: chrome, browserVersion: 118.0.5993.70, chrome: {chromedriverVersion: 118.0.5993.70 (e52f33f30b91..., userDataDir: C:\Users\ashum\AppData\Loca...}, fedcm:accounts: true, goog:chromeOptions: {debuggerAddress: localhost:53979}, networkConnectionEnabled: false, pageLoadStrategy: normal, platformName: windows, proxy: Proxy(), se:cdp: ws://localhost:53979/devtoo..., se:cdpVersion: 118.0.5993.70, setWindowRect: true, strictFileInteractability: false, timeouts: {implicit: 0, pageLoad: 300000, script: 30000}, unhandledPromptBehavior: dismiss and notify, webauthn:extension:credBlob: true, webauthn:extension:largeBlob: true, webauthn:extension:minPinLength: true, webauthn:extension:prf: true, webauthn:virtualAuthenticators: true}
Element: [[ChromeDriver: chrome on windows (82979b8a856a2c9029544245c0eccfd7)] -> xpath: //*[@id="j_id0:uploadFileForm:uploadInputFile"]]
Session ID: 82979b8a856a2c9029544245c0eccfd7
at java.base/jdk.internal.reflect.NativeConstructorAccessorImpl.newInstance0(Native Method)
at java.base/jdk.internal.reflect.NativeConstructorAccessorImpl.newInstance(NativeConstructorAccessorImpl.java:77)
at java.base/jdk.internal.reflect.DelegatingConstructorAccessorImpl.newInstance(DelegatingConstructorAccessorImpl.java:45)
at java.base/java.lang.reflect.Constructor.newInstanceWithCaller(Constructor.java:499)
at java.base/java.lang.reflect.Constructor.newInstance(Constructor.java:480)
at org.openqa.selenium.remote.codec.w3c.W3CHttpResponseCodec.createException(W3CHttpResponseCodec.java:200)
at org.openqa.selenium.remote.codec.w3c.W3CHttpResponseCodec.decode(W3CHttpResponseCodec.java:133)
at org.openqa.selenium.remote.codec.w3c.W3CHttpResponseCodec.decode(W3CHttpResponseCodec.java:52)
at org.openqa.selenium.remote.HttpCommandExecutor.execute(HttpCommandExecutor.java:191)
at org.openqa.selenium.remote.service.DriverCommandExecutor.invokeExecute(DriverCommandExecutor.java:196)
at org.openqa.selenium.remote.service.DriverCommandExecutor.execute(DriverCommandExecutor.java:171)
at org.openqa.selenium.remote.RemoteWebDriver.execute(RemoteWebDriver.java:602)
at org.openqa.selenium.remote.RemoteWebElement.execute(RemoteWebElement.java:224)
at org.openqa.selenium.remote.RemoteWebElement.sendKeys(RemoteWebElement.java:111)
at com.tests.automationSalesforce.UserMenuDropDown.photoUpload(UserMenuDropDown.java:180)
at java.base/jdk.internal.reflect.NativeMethodAccessorImpl.invoke0(Native Method)
at java.base/jdk.internal.reflect.NativeMethodAccessorImpl.invoke(NativeMethodAccessorImpl.java:77)
at java.base/jdk.internal.reflect.DelegatingMethodAccessorImpl.invoke(DelegatingMethodAccessorImpl.java:43)
at java.base/java.lang.reflect.Method.invoke(Method.java:568)
at org.testng.internal.invokers.MethodInvocationHelper.invokeMethod(MethodInvocationHelper.java:139)
at org.testng.internal.invokers.TestInvoker.invokeMethod(TestInvoker.java:677)
at org.testng.internal.invokers.TestInvoker.invokeTestMethod(TestInvoker.java:221)
at org.testng.internal.invokers.MethodRunner.runInSequence(MethodRunner.java:50)
at org.testng.internal.invokers.TestInvoker$MethodInvocationAgent.invoke(TestInvoker.java:969)
at org.testng.internal.invokers.TestInvoker.invokeTestMethods(TestInvoker.java:194)
at org.testng.internal.invokers.TestMethodWorker.invokeTestMethods(TestMethodWorker.java:148)
at org.testng.internal.invokers.TestMethodWorker.run(TestMethodWorker.java:128)
at java.base/java.util.ArrayList.forEach(ArrayList.java:1511)
at org.testng.TestRunner.privateRun(TestRunner.java:829)
at org.testng.TestRunner.run(TestRunner.java:602)
at org.testng.SuiteRunner.runTest(SuiteRunner.java:437)
at org.testng.SuiteRunner.runSequentially(SuiteRunner.java:431)
at org.testng.SuiteRunner.privateRun(SuiteRunner.java:391)
at org.testng.SuiteRunner.run(SuiteRunner.java:330)
at org.testng.SuiteRunnerWorker.runSuite(SuiteRunnerWorker.java:52)
at org.testng.SuiteRunnerWorker.run(SuiteRunnerWorker.java:95)
at org.testng.TestNG.runSuitesSequentially(TestNG.java:1256)
at org.testng.TestNG.runSuitesLocally(TestNG.java:1176)
at org.testng.TestNG.runSuites(TestNG.java:1099)
at org.testng.TestNG.run(TestNG.java:1067)
at org.testng.remote.AbstractRemoteTestNG.run(AbstractRemoteTestNG.java:115)
at org.testng.remote.RemoteTestNG.initAndRun(RemoteTestNG.java:251)
at org.testng.remote.RemoteTestNG.main(RemoteTestNG.java:77)
]]>
    </error>
  </testcase> <!-- photoUpload -->
  <system-out/>
  <testcase classname="com.tests.automationSalesforce.UserMenuDropDown" name="logout" time="8.253">
    <error type="java.lang.StackOverflowError">
      <![CDATA[java.lang.StackOverflowError
at com.tests.automationSalesforce.UserMenuDropDown.logout(UserMenuDropDown.java:323)
at com.tests.automationSalesforce.UserMenuDropDown.logout(UserMenuDropDown.java:323)
at com.tests.automationSalesforce.UserMenuDropDown.logout(UserMenuDropDown.java:323)
at com.tests.automationSalesforce.UserMenuDropDown.logout(UserMenuDropDown.java:323)
at com.tests.automationSalesforce.UserMenuDropDown.logout(UserMenuDropDown.java:323)
at com.tests.automationSalesforce.UserMenuDropDown.logout(UserMenuDropDown.java:323)
at com.tests.automationSalesforce.UserMenuDropDown.logout(UserMenuDropDown.java:323)
at com.tests.automationSalesforce.UserMenuDropDown.logout(UserMenuDropDown.java:323)
at com.tests.automationSalesforce.UserMenuDropDown.logout(UserMenuDropDown.java:323)
at com.tests.automationSalesforce.UserMenuDropDown.logout(UserMenuDropDown.java:323)
at com.tests.automationSalesforce.UserMenuDropDown.logout(UserMenuDropDown.java:323)
at com.tests.automationSalesforce.UserMenuDropDown.logout(UserMenuDropDown.java:323)
at com.tests.automationSalesforce.UserMenuDropDown.logout(UserMenuDropDown.java:323)
at com.tests.automationSalesforce.UserMenuDropDown.logout(UserMenuDropDown.java:323)
at com.tests.automationSalesforce.UserMenuDropDown.logout(UserMenuDropDown.java:323)
at com.tests.automationSalesforce.UserMenuDropDown.logout(UserMenuDropDown.java:323)
at com.tests.automationSalesforce.UserMenuDropDown.logout(UserMenuDropDown.java:323)
at com.tests.automationSalesforce.UserMenuDropDown.logout(UserMenuDropDown.java:323)
at com.tests.automationSalesforce.UserMenuDropDown.logout(UserMenuDropDown.java:323)
at com.tests.automationSalesforce.UserMenuDropDown.logout(UserMenuDropDown.java:323)
at com.tests.automationSalesforce.UserMenuDropDown.logout(UserMenuDropDown.java:323)
at com.tests.automationSalesforce.UserMenuDropDown.logout(UserMenuDropDown.java:323)
at com.tests.automationSalesforce.UserMenuDropDown.logout(UserMenuDropDown.java:323)
at com.tests.automationSalesforce.UserMenuDropDown.logout(UserMenuDropDown.java:323)
at com.tests.automationSalesforce.UserMenuDropDown.logout(UserMenuDropDown.java:323)
at com.tests.automationSalesforce.UserMenuDropDown.logout(UserMenuDropDown.java:323)
at com.tests.automationSalesforce.UserMenuDropDown.logout(UserMenuDropDown.java:323)
at com.tests.automationSalesforce.UserMenuDropDown.logout(UserMenuDropDown.java:323)
at com.tests.automationSalesforce.UserMenuDropDown.logout(UserMenuDropDown.java:323)
at com.tests.automationSalesforce.UserMenuDropDown.logout(UserMenuDropDown.java:323)
at com.tests.automationSalesforce.UserMenuDropDown.logout(UserMenuDropDown.java:323)
at com.tests.automationSalesforce.UserMenuDropDown.logout(UserMenuDropDown.java:323)
at com.tests.automationSalesforce.UserMenuDropDown.logout(UserMenuDropDown.java:323)
at com.tests.automationSalesforce.UserMenuDropDown.logout(UserMenuDropDown.java:323)
at com.tests.automationSalesforce.UserMenuDropDown.logout(UserMenuDropDown.java:323)
at com.tests.automationSalesforce.UserMenuDropDown.logout(UserMenuDropDown.java:323)
at com.tests.automationSalesforce.UserMenuDropDown.logout(UserMenuDropDown.java:323)
at com.tests.automationSalesforce.UserMenuDropDown.logout(UserMenuDropDown.java:323)
at com.tests.automationSalesforce.UserMenuDropDown.logout(UserMenuDropDown.java:323)
at com.tests.automationSalesforce.UserMenuDropDown.logout(UserMenuDropDown.java:323)
at com.tests.automationSalesforce.UserMenuDropDown.logout(UserMenuDropDown.java:323)
at com.tests.automationSalesforce.UserMenuDropDown.logout(UserMenuDropDown.java:323)
at com.tests.automationSalesforce.UserMenuDropDown.logout(UserMenuDropDown.java:323)
at com.tests.automationSalesforce.UserMenuDropDown.logout(UserMenuDropDown.java:323)
at com.tests.automationSalesforce.UserMenuDropDown.logout(UserMenuDropDown.java:323)
at com.tests.automationSalesforce.UserMenuDropDown.logout(UserMenuDropDown.java:323)
at com.tests.automationSalesforce.UserMenuDropDown.logout(UserMenuDropDown.java:323)
at com.tests.automationSalesforce.UserMenuDropDown.logout(UserMenuDropDown.java:323)
at com.tests.automationSalesforce.UserMenuDropDown.logout(UserMenuDropDown.java:323)
at com.tests.automationSalesforce.UserMenuDropDown.logout(UserMenuDropDown.java:323)
at com.tests.automationSalesforce.UserMenuDropDown.logout(UserMenuDropDown.java:323)
at com.tests.automationSalesforce.UserMenuDropDown.logout(UserMenuDropDown.java:323)
at com.tests.automationSalesforce.UserMenuDropDown.logout(UserMenuDropDown.java:323)
at com.tests.automationSalesforce.UserMenuDropDown.logout(UserMenuDropDown.java:323)
at com.tests.automationSalesforce.UserMenuDropDown.logout(UserMenuDropDown.java:323)
at com.tests.automationSalesforce.UserMenuDropDown.logout(UserMenuDropDown.java:323)
at com.tests.automationSalesforce.UserMenuDropDown.logout(UserMenuDropDown.java:323)
at com.tests.automationSalesforce.UserMenuDropDown.logout(UserMenuDropDown.java:323)
at com.tests.automationSalesforce.UserMenuDropDown.logout(UserMenuDropDown.java:323)
at com.tests.automationSalesforce.UserMenuDropDown.logout(UserMenuDropDown.java:323)
at com.tests.automationSalesforce.UserMenuDropDown.logout(UserMenuDropDown.java:323)
at com.tests.automationSalesforce.UserMenuDropDown.logout(UserMenuDropDown.java:323)
at com.tests.automationSalesforce.UserMenuDropDown.logout(UserMenuDropDown.java:323)
at com.tests.automationSalesforce.UserMenuDropDown.logout(UserMenuDropDown.java:323)
at com.tests.automationSalesforce.UserMenuDropDown.logout(UserMenuDropDown.java:323)
at com.tests.automationSalesforce.UserMenuDropDown.logout(UserMenuDropDown.java:323)
at com.tests.automationSalesforce.UserMenuDropDown.logout(UserMenuDropDown.java:323)
at com.tests.automationSalesforce.UserMenuDropDown.logout(UserMenuDropDown.java:323)
at com.tests.automationSalesforce.UserMenuDropDown.logout(UserMenuDropDown.java:323)
at com.tests.automationSalesforce.UserMenuDropDown.logout(UserMenuDropDown.java:323)
at com.tests.automationSalesforce.UserMenuDropDown.logout(UserMenuDropDown.java:323)
at com.tests.automationSalesforce.UserMenuDropDown.logout(UserMenuDropDown.java:323)
at com.tests.automationSalesforce.UserMenuDropDown.logout(UserMenuDropDown.java:323)
at com.tests.automationSalesforce.UserMenuDropDown.logout(UserMenuDropDown.java:323)
at com.tests.automationSalesforce.UserMenuDropDown.logout(UserMenuDropDown.java:323)
at com.tests.automationSalesforce.UserMenuDropDown.logout(UserMenuDropDown.java:323)
at com.tests.automationSalesforce.UserMenuDropDown.logout(UserMenuDropDown.java:323)
at com.tests.automationSalesforce.UserMenuDropDown.logout(UserMenuDropDown.java:323)
at com.tests.automationSalesforce.UserMenuDropDown.logout(UserMenuDropDown.java:323)
at com.tests.automationSalesforce.UserMenuDropDown.logout(UserMenuDropDown.java:323)
at com.tests.automationSalesforce.UserMenuDropDown.logout(UserMenuDropDown.java:323)
at com.tests.automationSalesforce.UserMenuDropDown.logout(UserMenuDropDown.java:323)
at com.tests.automationSalesforce.UserMenuDropDown.logout(UserMenuDropDown.java:323)
at com.tests.automationSalesforce.UserMenuDropDown.logout(UserMenuDropDown.java:323)
at com.tests.automationSalesforce.UserMenuDropDown.logout(UserMenuDropDown.java:323)
at com.tests.automationSalesforce.UserMenuDropDown.logout(UserMenuDropDown.java:323)
at com.tests.automationSalesforce.UserMenuDropDown.logout(UserMenuDropDown.java:323)
at com.tests.automationSalesforce.UserMenuDropDown.logout(UserMenuDropDown.java:323)
at com.tests.automationSalesforce.UserMenuDropDown.logout(UserMenuDropDown.java:323)
at com.tests.automationSalesforce.UserMenuDropDown.logout(UserMenuDropDown.java:323)
at com.tests.automationSalesforce.UserMenuDropDown.logout(UserMenuDropDown.java:323)
at com.tests.automationSalesforce.UserMenuDropDown.logout(UserMenuDropDown.java:323)
at com.tests.automationSalesforce.UserMenuDropDown.logout(UserMenuDropDown.java:323)
at com.tests.automationSalesforce.UserMenuDropDown.logout(UserMenuDropDown.java:323)
at com.tests.automationSalesforce.UserMenuDropDown.logout(UserMenuDropDown.java:323)
at com.tests.automationSalesforce.UserMenuDropDown.logout(UserMenuDropDown.java:323)
at com.tests.automationSalesforce.UserMenuDropDown.logout(UserMenuDropDown.java:323)
at com.tests.automationSalesforce.UserMenuDropDown.logout(UserMenuDropDown.java:323)
at com.tests.automationSalesforce.UserMenuDropDown.logout(UserMenuDropDown.java:323)
at com.tests.automationSalesforce.UserMenuDropDown.logout(UserMenuDropDown.java:323)
at com.tests.automationSalesforce.UserMenuDropDown.logout(UserMenuDropDown.java:323)
at com.tests.automationSalesforce.UserMenuDropDown.logout(UserMenuDropDown.java:323)
at com.tests.automationSalesforce.UserMenuDropDown.logout(UserMenuDropDown.java:323)
at com.tests.automationSalesforce.UserMenuDropDown.logout(UserMenuDropDown.java:323)
at com.tests.automationSalesforce.UserMenuDropDown.logout(UserMenuDropDown.java:323)
at com.tests.automationSalesforce.UserMenuDropDown.logout(UserMenuDropDown.java:323)
at com.tests.automationSalesforce.UserMenuDropDown.logout(UserMenuDropDown.java:323)
at com.tests.automationSalesforce.UserMenuDropDown.logout(UserMenuDropDown.java:323)
at com.tests.automationSalesforce.UserMenuDropDown.logout(UserMenuDropDown.java:323)
at com.tests.automationSalesforce.UserMenuDropDown.logout(UserMenuDropDown.java:323)
at com.tests.automationSalesforce.UserMenuDropDown.logout(UserMenuDropDown.java:323)
at com.tests.automationSalesforce.UserMenuDropDown.logout(UserMenuDropDown.java:323)
at com.tests.automationSalesforce.UserMenuDropDown.logout(UserMenuDropDown.java:323)
at com.tests.automationSalesforce.UserMenuDropDown.logout(UserMenuDropDown.java:323)
at com.tests.automationSalesforce.UserMenuDropDown.logout(UserMenuDropDown.java:323)
at com.tests.automationSalesforce.UserMenuDropDown.logout(UserMenuDropDown.java:323)
at com.tests.automationSalesforce.UserMenuDropDown.logout(UserMenuDropDown.java:323)
at com.tests.automationSalesforce.UserMenuDropDown.logout(UserMenuDropDown.java:323)
at com.tests.automationSalesforce.UserMenuDropDown.logout(UserMenuDropDown.java:323)
at com.tests.automationSalesforce.UserMenuDropDown.logout(UserMenuDropDown.java:323)
at com.tests.automationSalesforce.UserMenuDropDown.logout(UserMenuDropDown.java:323)
at com.tests.automationSalesforce.UserMenuDropDown.logout(UserMenuDropDown.java:323)
at com.tests.automationSalesforce.UserMenuDropDown.logout(UserMenuDropDown.java:323)
at com.tests.automationSalesforce.UserMenuDropDown.logout(UserMenuDropDown.java:323)
at com.tests.automationSalesforce.UserMenuDropDown.logout(UserMenuDropDown.java:323)
at com.tests.automationSalesforce.UserMenuDropDown.logout(UserMenuDropDown.java:323)
at com.tests.automationSalesforce.UserMenuDropDown.logout(UserMenuDropDown.java:323)
at com.tests.automationSalesforce.UserMenuDropDown.logout(UserMenuDropDown.java:323)
at com.tests.automationSalesforce.UserMenuDropDown.logout(UserMenuDropDown.java:323)
at com.tests.automationSalesforce.UserMenuDropDown.logout(UserMenuDropDown.java:323)
at com.tests.automationSalesforce.UserMenuDropDown.logout(UserMenuDropDown.java:323)
at com.tests.automationSalesforce.UserMenuDropDown.logout(UserMenuDropDown.java:323)
at com.tests.automationSalesforce.UserMenuDropDown.logout(UserMenuDropDown.java:323)
at com.tests.automationSalesforce.UserMenuDropDown.logout(UserMenuDropDown.java:323)
at com.tests.automationSalesforce.UserMenuDropDown.logout(UserMenuDropDown.java:323)
at com.tests.automationSalesforce.UserMenuDropDown.logout(UserMenuDropDown.java:323)
at com.tests.automationSalesforce.UserMenuDropDown.logout(UserMenuDropDown.java:323)
at com.tests.automationSalesforce.UserMenuDropDown.logout(UserMenuDropDown.java:323)
at com.tests.automationSalesforce.UserMenuDropDown.logout(UserMenuDropDown.java:323)
at com.tests.automationSalesforce.UserMenuDropDown.logout(UserMenuDropDown.java:323)
at com.tests.automationSalesforce.UserMenuDropDown.logout(UserMenuDropDown.java:323)
at com.tests.automationSalesforce.UserMenuDropDown.logout(UserMenuDropDown.java:323)
at com.tests.automationSalesforce.UserMenuDropDown.logout(UserMenuDropDown.java:323)
at com.tests.automationSalesforce.UserMenuDropDown.logout(UserMenuDropDown.java:323)
at com.tests.automationSalesforce.UserMenuDropDown.logout(UserMenuDropDown.java:323)
at com.tests.automationSalesforce.UserMenuDropDown.logout(UserMenuDropDown.java:323)
at com.tests.automationSalesforce.UserMenuDropDown.logout(UserMenuDropDown.java:323)
at com.tests.automationSalesforce.UserMenuDropDown.logout(UserMenuDropDown.java:323)
at com.tests.automationSalesforce.UserMenuDropDown.logout(UserMenuDropDown.java:323)
at com.tests.automationSalesforce.UserMenuDropDown.logout(UserMenuDropDown.java:323)
at com.tests.automationSalesforce.UserMenuDropDown.logout(UserMenuDropDown.java:323)
at com.tests.automationSalesforce.UserMenuDropDown.logout(UserMenuDropDown.java:323)
at com.tests.automationSalesforce.UserMenuDropDown.logout(UserMenuDropDown.java:323)
at com.tests.automationSalesforce.UserMenuDropDown.logout(UserMenuDropDown.java:323)
at com.tests.automationSalesforce.UserMenuDropDown.logout(UserMenuDropDown.java:323)
at com.tests.automationSalesforce.UserMenuDropDown.logout(UserMenuDropDown.java:323)
at com.tests.automationSalesforce.UserMenuDropDown.logout(UserMenuDropDown.java:323)
at com.tests.automationSalesforce.UserMenuDropDown.logout(UserMenuDropDown.java:323)
at com.tests.automationSalesforce.UserMenuDropDown.logout(UserMenuDropDown.java:323)
at com.tests.automationSalesforce.UserMenuDropDown.logout(UserMenuDropDown.java:323)
at com.tests.automationSalesforce.UserMenuDropDown.logout(UserMenuDropDown.java:323)
at com.tests.automationSalesforce.UserMenuDropDown.logout(UserMenuDropDown.java:323)
at com.tests.automationSalesforce.UserMenuDropDown.logout(UserMenuDropDown.java:323)
at com.tests.automationSalesforce.UserMenuDropDown.logout(UserMenuDropDown.java:323)
at com.tests.automationSalesforce.UserMenuDropDown.logout(UserMenuDropDown.java:323)
at com.tests.automationSalesforce.UserMenuDropDown.logout(UserMenuDropDown.java:323)
at com.tests.automationSalesforce.UserMenuDropDown.logout(UserMenuDropDown.java:323)
at com.tests.automationSalesforce.UserMenuDropDown.logout(UserMenuDropDown.java:323)
at com.tests.automationSalesforce.UserMenuDropDown.logout(UserMenuDropDown.java:323)
at com.tests.automationSalesforce.UserMenuDropDown.logout(UserMenuDropDown.java:323)
at com.tests.automationSalesforce.UserMenuDropDown.logout(UserMenuDropDown.java:323)
at com.tests.automationSalesforce.UserMenuDropDown.logout(UserMenuDropDown.java:323)
at com.tests.automationSalesforce.UserMenuDropDown.logout(UserMenuDropDown.java:323)
at com.tests.automationSalesforce.UserMenuDropDown.logout(UserMenuDropDown.java:323)
at com.tests.automationSalesforce.UserMenuDropDown.logout(UserMenuDropDown.java:323)
at com.tests.automationSalesforce.UserMenuDropDown.logout(UserMenuDropDown.java:323)
at com.tests.automationSalesforce.UserMenuDropDown.logout(UserMenuDropDown.java:323)
at com.tests.automationSalesforce.UserMenuDropDown.logout(UserMenuDropDown.java:323)
at com.tests.automationSalesforce.UserMenuDropDown.logout(UserMenuDropDown.java:323)
at com.tests.automationSalesforce.UserMenuDropDown.logout(UserMenuDropDown.java:323)
at com.tests.automationSalesforce.UserMenuDropDown.logout(UserMenuDropDown.java:323)
at com.tests.automationSalesforce.UserMenuDropDown.logout(UserMenuDropDown.java:323)
at com.tests.automationSalesforce.UserMenuDropDown.logout(UserMenuDropDown.java:323)
at com.tests.automationSalesforce.UserMenuDropDown.logout(UserMenuDropDown.java:323)
at com.tests.automationSalesforce.UserMenuDropDown.logout(UserMenuDropDown.java:323)
at com.tests.automationSalesforce.UserMenuDropDown.logout(UserMenuDropDown.java:323)
at com.tests.automationSalesforce.UserMenuDropDown.logout(UserMenuDropDown.java:323)
at com.tests.automationSalesforce.UserMenuDropDown.logout(UserMenuDropDown.java:323)
at com.tests.automationSalesforce.UserMenuDropDown.logout(UserMenuDropDown.java:323)
at com.tests.automationSalesforce.UserMenuDropDown.logout(UserMenuDropDown.java:323)
at com.tests.automationSalesforce.UserMenuDropDown.logout(UserMenuDropDown.java:323)
at com.tests.automationSalesforce.UserMenuDropDown.logout(UserMenuDropDown.java:323)
at com.tests.automationSalesforce.UserMenuDropDown.logout(UserMenuDropDown.java:323)
at com.tests.automationSalesforce.UserMenuDropDown.logout(UserMenuDropDown.java:323)
at com.tests.automationSalesforce.UserMenuDropDown.logout(UserMenuDropDown.java:323)
at com.tests.automationSalesforce.UserMenuDropDown.logout(UserMenuDropDown.java:323)
at com.tests.automationSalesforce.UserMenuDropDown.logout(UserMenuDropDown.java:323)
at com.tests.automationSalesforce.UserMenuDropDown.logout(UserMenuDropDown.java:323)
at com.tests.automationSalesforce.UserMenuDropDown.logout(UserMenuDropDown.java:323)
at com.tests.automationSalesforce.UserMenuDropDown.logout(UserMenuDropDown.java:323)
at com.tests.automationSalesforce.UserMenuDropDown.logout(UserMenuDropDown.java:323)
at com.tests.automationSalesforce.UserMenuDropDown.logout(UserMenuDropDown.java:323)
at com.tests.automationSalesforce.UserMenuDropDown.logout(UserMenuDropDown.java:323)
at com.tests.automationSalesforce.UserMenuDropDown.logout(UserMenuDropDown.java:323)
at com.tests.automationSalesforce.UserMenuDropDown.logout(UserMenuDropDown.java:323)
at com.tests.automationSalesforce.UserMenuDropDown.logout(UserMenuDropDown.java:323)
at com.tests.automationSalesforce.UserMenuDropDown.logout(UserMenuDropDown.java:323)
at com.tests.automationSalesforce.UserMenuDropDown.logout(UserMenuDropDown.java:323)
at com.tests.automationSalesforce.UserMenuDropDown.logout(UserMenuDropDown.java:323)
at com.tests.automationSalesforce.UserMenuDropDown.logout(UserMenuDropDown.java:323)
at com.tests.automationSalesforce.UserMenuDropDown.logout(UserMenuDropDown.java:323)
at com.tests.automationSalesforce.UserMenuDropDown.logout(UserMenuDropDown.java:323)
at com.tests.automationSalesforce.UserMenuDropDown.logout(UserMenuDropDown.java:323)
at com.tests.automationSalesforce.UserMenuDropDown.logout(UserMenuDropDown.java:323)
at com.tests.automationSalesforce.UserMenuDropDown.logout(UserMenuDropDown.java:323)
at com.tests.automationSalesforce.UserMenuDropDown.logout(UserMenuDropDown.java:323)
at com.tests.automationSalesforce.UserMenuDropDown.logout(UserMenuDropDown.java:323)
at com.tests.automationSalesforce.UserMenuDropDown.logout(UserMenuDropDown.java:323)
at com.tests.automationSalesforce.UserMenuDropDown.logout(UserMenuDropDown.java:323)
at com.tests.automationSalesforce.UserMenuDropDown.logout(UserMenuDropDown.java:323)
at com.tests.automationSalesforce.UserMenuDropDown.logout(UserMenuDropDown.java:323)
at com.tests.automationSalesforce.UserMenuDropDown.logout(UserMenuDropDown.java:323)
at com.tests.automationSalesforce.UserMenuDropDown.logout(UserMenuDropDown.java:323)
at com.tests.automationSalesforce.UserMenuDropDown.logout(UserMenuDropDown.java:323)
at com.tests.automationSalesforce.UserMenuDropDown.logout(UserMenuDropDown.java:323)
at com.tests.automationSalesforce.UserMenuDropDown.logout(UserMenuDropDown.java:323)
at com.tests.automationSalesforce.UserMenuDropDown.logout(UserMenuDropDown.java:323)
at com.tests.automationSalesforce.UserMenuDropDown.logout(UserMenuDropDown.java:323)
at com.tests.automationSalesforce.UserMenuDropDown.logout(UserMenuDropDown.java:323)
at com.tests.automationSalesforce.UserMenuDropDown.logout(UserMenuDropDown.java:323)
at com.tests.automationSalesforce.UserMenuDropDown.logout(UserMenuDropDown.java:323)
at com.tests.automationSalesforce.UserMenuDropDown.logout(UserMenuDropDown.java:323)
at com.tests.automationSalesforce.UserMenuDropDown.logout(UserMenuDropDown.java:323)
at com.tests.automationSalesforce.UserMenuDropDown.logout(UserMenuDropDown.java:323)
at com.tests.automationSalesforce.UserMenuDropDown.logout(UserMenuDropDown.java:323)
at com.tests.automationSalesforce.UserMenuDropDown.logout(UserMenuDropDown.java:323)
at com.tests.automationSalesforce.UserMenuDropDown.logout(UserMenuDropDown.java:323)
at com.tests.automationSalesforce.UserMenuDropDown.logout(UserMenuDropDown.java:323)
at com.tests.automationSalesforce.UserMenuDropDown.logout(UserMenuDropDown.java:323)
at com.tests.automationSalesforce.UserMenuDropDown.logout(UserMenuDropDown.java:323)
at com.tests.automationSalesforce.UserMenuDropDown.logout(UserMenuDropDown.java:323)
at com.tests.automationSalesforce.UserMenuDropDown.logout(UserMenuDropDown.java:323)
at com.tests.automationSalesforce.UserMenuDropDown.logout(UserMenuDropDown.java:323)
at com.tests.automationSalesforce.UserMenuDropDown.logout(UserMenuDropDown.java:323)
at com.tests.automationSalesforce.UserMenuDropDown.logout(UserMenuDropDown.java:323)
at com.tests.automationSalesforce.UserMenuDropDown.logout(UserMenuDropDown.java:323)
at com.tests.automationSalesforce.UserMenuDropDown.logout(UserMenuDropDown.java:323)
at com.tests.automationSalesforce.UserMenuDropDown.logout(UserMenuDropDown.java:323)
at com.tests.automationSalesforce.UserMenuDropDown.logout(UserMenuDropDown.java:323)
at com.tests.automationSalesforce.UserMenuDropDown.logout(UserMenuDropDown.java:323)
at com.tests.automationSalesforce.UserMenuDropDown.logout(UserMenuDropDown.java:323)
at com.tests.automationSalesforce.UserMenuDropDown.logout(UserMenuDropDown.java:323)
at com.tests.automationSalesforce.UserMenuDropDown.logout(UserMenuDropDown.java:323)
at com.tests.automationSalesforce.UserMenuDropDown.logout(UserMenuDropDown.java:323)
at com.tests.automationSalesforce.UserMenuDropDown.logout(UserMenuDropDown.java:323)
at com.tests.automationSalesforce.UserMenuDropDown.logout(UserMenuDropDown.java:323)
at com.tests.automationSalesforce.UserMenuDropDown.logout(UserMenuDropDown.java:323)
at com.tests.automationSalesforce.UserMenuDropDown.logout(UserMenuDropDown.java:323)
at com.tests.automationSalesforce.UserMenuDropDown.logout(UserMenuDropDown.java:323)
at com.tests.automationSalesforce.UserMenuDropDown.logout(UserMenuDropDown.java:323)
at com.tests.automationSalesforce.UserMenuDropDown.logout(UserMenuDropDown.java:323)
at com.tests.automationSalesforce.UserMenuDropDown.logout(UserMenuDropDown.java:323)
at com.tests.automationSalesforce.UserMenuDropDown.logout(UserMenuDropDown.java:323)
at com.tests.automationSalesforce.UserMenuDropDown.logout(UserMenuDropDown.java:323)
at com.tests.automationSalesforce.UserMenuDropDown.logout(UserMenuDropDown.java:323)
at com.tests.automationSalesforce.UserMenuDropDown.logout(UserMenuDropDown.java:323)
at com.tests.automationSalesforce.UserMenuDropDown.logout(UserMenuDropDown.java:323)
at com.tests.automationSalesforce.UserMenuDropDown.logout(UserMenuDropDown.java:323)
at com.tests.automationSalesforce.UserMenuDropDown.logout(UserMenuDropDown.java:323)
at com.tests.automationSalesforce.UserMenuDropDown.logout(UserMenuDropDown.java:323)
at com.tests.automationSalesforce.UserMenuDropDown.logout(UserMenuDropDown.java:323)
at com.tests.automationSalesforce.UserMenuDropDown.logout(UserMenuDropDown.java:323)
at com.tests.automationSalesforce.UserMenuDropDown.logout(UserMenuDropDown.java:323)
at com.tests.automationSalesforce.UserMenuDropDown.logout(UserMenuDropDown.java:323)
at com.tests.automationSalesforce.UserMenuDropDown.logout(UserMenuDropDown.java:323)
at com.tests.automationSalesforce.UserMenuDropDown.logout(UserMenuDropDown.java:323)
at com.tests.automationSalesforce.UserMenuDropDown.logout(UserMenuDropDown.java:323)
at com.tests.automationSalesforce.UserMenuDropDown.logout(UserMenuDropDown.java:323)
at com.tests.automationSalesforce.UserMenuDropDown.logout(UserMenuDropDown.java:323)
at com.tests.automationSalesforce.UserMenuDropDown.logout(UserMenuDropDown.java:323)
at com.tests.automationSalesforce.UserMenuDropDown.logout(UserMenuDropDown.java:323)
at com.tests.automationSalesforce.UserMenuDropDown.logout(UserMenuDropDown.java:323)
at com.tests.automationSalesforce.UserMenuDropDown.logout(UserMenuDropDown.java:323)
at com.tests.automationSalesforce.UserMenuDropDown.logout(UserMenuDropDown.java:323)
at com.tests.automationSalesforce.UserMenuDropDown.logout(UserMenuDropDown.java:323)
at com.tests.automationSalesforce.UserMenuDropDown.logout(UserMenuDropDown.java:323)
at com.tests.automationSalesforce.UserMenuDropDown.logout(UserMenuDropDown.java:323)
at com.tests.automationSalesforce.UserMenuDropDown.logout(UserMenuDropDown.java:323)
at com.tests.automationSalesforce.UserMenuDropDown.logout(UserMenuDropDown.java:323)
at com.tests.automationSalesforce.UserMenuDropDown.logout(UserMenuDropDown.java:323)
at com.tests.automationSalesforce.UserMenuDropDown.logout(UserMenuDropDown.java:323)
at com.tests.automationSalesforce.UserMenuDropDown.logout(UserMenuDropDown.java:323)
at com.tests.automationSalesforce.UserMenuDropDown.logout(UserMenuDropDown.java:323)
at com.tests.automationSalesforce.UserMenuDropDown.logout(UserMenuDropDown.java:323)
at com.tests.automationSalesforce.UserMenuDropDown.logout(UserMenuDropDown.java:323)
at com.tests.automationSalesforce.UserMenuDropDown.logout(UserMenuDropDown.java:323)
at com.tests.automationSalesforce.UserMenuDropDown.logout(UserMenuDropDown.java:323)
at com.tests.automationSalesforce.UserMenuDropDown.logout(UserMenuDropDown.java:323)
at com.tests.automationSalesforce.UserMenuDropDown.logout(UserMenuDropDown.java:323)
at com.tests.automationSalesforce.UserMenuDropDown.logout(UserMenuDropDown.java:323)
at com.tests.automationSalesforce.UserMenuDropDown.logout(UserMenuDropDown.java:323)
at com.tests.automationSalesforce.UserMenuDropDown.logout(UserMenuDropDown.java:323)
at com.tests.automationSalesforce.UserMenuDropDown.logout(UserMenuDropDown.java:323)
at com.tests.automationSalesforce.UserMenuDropDown.logout(UserMenuDropDown.java:323)
at com.tests.automationSalesforce.UserMenuDropDown.logout(UserMenuDropDown.java:323)
at com.tests.automationSalesforce.UserMenuDropDown.logout(UserMenuDropDown.java:323)
at com.tests.automationSalesforce.UserMenuDropDown.logout(UserMenuDropDown.java:323)
at com.tests.automationSalesforce.UserMenuDropDown.logout(UserMenuDropDown.java:323)
at com.tests.automationSalesforce.UserMenuDropDown.logout(UserMenuDropDown.java:323)
at com.tests.automationSalesforce.UserMenuDropDown.logout(UserMenuDropDown.java:323)
at com.tests.automationSalesforce.UserMenuDropDown.logout(UserMenuDropDown.java:323)
at com.tests.automationSalesforce.UserMenuDropDown.logout(UserMenuDropDown.java:323)
at com.tests.automationSalesforce.UserMenuDropDown.logout(UserMenuDropDown.java:323)
at com.tests.automationSalesforce.UserMenuDropDown.logout(UserMenuDropDown.java:323)
at com.tests.automationSalesforce.UserMenuDropDown.logout(UserMenuDropDown.java:323)
at com.tests.automationSalesforce.UserMenuDropDown.logout(UserMenuDropDown.java:323)
at com.tests.automationSalesforce.UserMenuDropDown.logout(UserMenuDropDown.java:323)
at com.tests.automationSalesforce.UserMenuDropDown.logout(UserMenuDropDown.java:323)
at com.tests.automationSalesforce.UserMenuDropDown.logout(UserMenuDropDown.java:323)
at com.tests.automationSalesforce.UserMenuDropDown.logout(UserMenuDropDown.java:323)
at com.tests.automationSalesforce.UserMenuDropDown.logout(UserMenuDropDown.java:323)
at com.tests.automationSalesforce.UserMenuDropDown.logout(UserMenuDropDown.java:323)
at com.tests.automationSalesforce.UserMenuDropDown.logout(UserMenuDropDown.java:323)
at com.tests.automationSalesforce.UserMenuDropDown.logout(UserMenuDropDown.java:323)
at com.tests.automationSalesforce.UserMenuDropDown.logout(UserMenuDropDown.java:323)
at com.tests.automationSalesforce.UserMenuDropDown.logout(UserMenuDropDown.java:323)
at com.tests.automationSalesforce.UserMenuDropDown.logout(UserMenuDropDown.java:323)
at com.tests.automationSalesforce.UserMenuDropDown.logout(UserMenuDropDown.java:323)
at com.tests.automationSalesforce.UserMenuDropDown.logout(UserMenuDropDown.java:323)
at com.tests.automationSalesforce.UserMenuDropDown.logout(UserMenuDropDown.java:323)
at com.tests.automationSalesforce.UserMenuDropDown.logout(UserMenuDropDown.java:323)
at com.tests.automationSalesforce.UserMenuDropDown.logout(UserMenuDropDown.java:323)
at com.tests.automationSalesforce.UserMenuDropDown.logout(UserMenuDropDown.java:323)
at com.tests.automationSalesforce.UserMenuDropDown.logout(UserMenuDropDown.java:323)
at com.tests.automationSalesforce.UserMenuDropDown.logout(UserMenuDropDown.java:323)
at com.tests.automationSalesforce.UserMenuDropDown.logout(UserMenuDropDown.java:323)
at com.tests.automationSalesforce.UserMenuDropDown.logout(UserMenuDropDown.java:323)
at com.tests.automationSalesforce.UserMenuDropDown.logout(UserMenuDropDown.java:323)
at com.tests.automationSalesforce.UserMenuDropDown.logout(UserMenuDropDown.java:323)
at com.tests.automationSalesforce.UserMenuDropDown.logout(UserMenuDropDown.java:323)
at com.tests.automationSalesforce.UserMenuDropDown.logout(UserMenuDropDown.java:323)
at com.tests.automationSalesforce.UserMenuDropDown.logout(UserMenuDropDown.java:323)
at com.tests.automationSalesforce.UserMenuDropDown.logout(UserMenuDropDown.java:323)
at com.tests.automationSalesforce.UserMenuDropDown.logout(UserMenuDropDown.java:323)
at com.tests.automationSalesforce.UserMenuDropDown.logout(UserMenuDropDown.java:323)
at com.tests.automationSalesforce.UserMenuDropDown.logout(UserMenuDropDown.java:323)
at com.tests.automationSalesforce.UserMenuDropDown.logout(UserMenuDropDown.java:323)
at com.tests.automationSalesforce.UserMenuDropDown.logout(UserMenuDropDown.java:323)
at com.tests.automationSalesforce.UserMenuDropDown.logout(UserMenuDropDown.java:323)
at com.tests.automationSalesforce.UserMenuDropDown.logout(UserMenuDropDown.java:323)
at com.tests.automationSalesforce.UserMenuDropDown.logout(UserMenuDropDown.java:323)
at com.tests.automationSalesforce.UserMenuDropDown.logout(UserMenuDropDown.java:323)
at com.tests.automationSalesforce.UserMenuDropDown.logout(UserMenuDropDown.java:323)
at com.tests.automationSalesforce.UserMenuDropDown.logout(UserMenuDropDown.java:323)
at com.tests.automationSalesforce.UserMenuDropDown.logout(UserMenuDropDown.java:323)
at com.tests.automationSalesforce.UserMenuDropDown.logout(UserMenuDropDown.java:323)
at com.tests.automationSalesforce.UserMenuDropDown.logout(UserMenuDropDown.java:323)
at com.tests.automationSalesforce.UserMenuDropDown.logout(UserMenuDropDown.java:323)
at com.tests.automationSalesforce.UserMenuDropDown.logout(UserMenuDropDown.java:323)
at com.tests.automationSalesforce.UserMenuDropDown.logout(UserMenuDropDown.java:323)
at com.tests.automationSalesforce.UserMenuDropDown.logout(UserMenuDropDown.java:323)
at com.tests.automationSalesforce.UserMenuDropDown.logout(UserMenuDropDown.java:323)
at com.tests.automationSalesforce.UserMenuDropDown.logout(UserMenuDropDown.java:323)
at com.tests.automationSalesforce.UserMenuDropDown.logout(UserMenuDropDown.java:323)
at com.tests.automationSalesforce.UserMenuDropDown.logout(UserMenuDropDown.java:323)
at com.tests.automationSalesforce.UserMenuDropDown.logout(UserMenuDropDown.java:323)
at com.tests.automationSalesforce.UserMenuDropDown.logout(UserMenuDropDown.java:323)
at com.tests.automationSalesforce.UserMenuDropDown.logout(UserMenuDropDown.java:323)
at com.tests.automationSalesforce.UserMenuDropDown.logout(UserMenuDropDown.java:323)
at com.tests.automationSalesforce.UserMenuDropDown.logout(UserMenuDropDown.java:323)
at com.tests.automationSalesforce.UserMenuDropDown.logout(UserMenuDropDown.java:323)
at com.tests.automationSalesforce.UserMenuDropDown.logout(UserMenuDropDown.java:323)
at com.tests.automationSalesforce.UserMenuDropDown.logout(UserMenuDropDown.java:323)
at com.tests.automationSalesforce.UserMenuDropDown.logout(UserMenuDropDown.java:323)
at com.tests.automationSalesforce.UserMenuDropDown.logout(UserMenuDropDown.java:323)
at com.tests.automationSalesforce.UserMenuDropDown.logout(UserMenuDropDown.java:323)
at com.tests.automationSalesforce.UserMenuDropDown.logout(UserMenuDropDown.java:323)
at com.tests.automationSalesforce.UserMenuDropDown.logout(UserMenuDropDown.java:323)
at com.tests.automationSalesforce.UserMenuDropDown.logout(UserMenuDropDown.java:323)
at com.tests.automationSalesforce.UserMenuDropDown.logout(UserMenuDropDown.java:323)
at com.tests.automationSalesforce.UserMenuDropDown.logout(UserMenuDropDown.java:323)
at com.tests.automationSalesforce.UserMenuDropDown.logout(UserMenuDropDown.java:323)
at com.tests.automationSalesforce.UserMenuDropDown.logout(UserMenuDropDown.java:323)
at com.tests.automationSalesforce.UserMenuDropDown.logout(UserMenuDropDown.java:323)
at com.tests.automationSalesforce.UserMenuDropDown.logout(UserMenuDropDown.java:323)
at com.tests.automationSalesforce.UserMenuDropDown.logout(UserMenuDropDown.java:323)
at com.tests.automationSalesforce.UserMenuDropDown.logout(UserMenuDropDown.java:323)
at com.tests.automationSalesforce.UserMenuDropDown.logout(UserMenuDropDown.java:323)
at com.tests.automationSalesforce.UserMenuDropDown.logout(UserMenuDropDown.java:323)
at com.tests.automationSalesforce.UserMenuDropDown.logout(UserMenuDropDown.java:323)
at com.tests.automationSalesforce.UserMenuDropDown.logout(UserMenuDropDown.java:323)
at com.tests.automationSalesforce.UserMenuDropDown.logout(UserMenuDropDown.java:323)
at com.tests.automationSalesforce.UserMenuDropDown.logout(UserMenuDropDown.java:323)
at com.tests.automationSalesforce.UserMenuDropDown.logout(UserMenuDropDown.java:323)
at com.tests.automationSalesforce.UserMenuDropDown.logout(UserMenuDropDown.java:323)
at com.tests.automationSalesforce.UserMenuDropDown.logout(UserMenuDropDown.java:323)
at com.tests.automationSalesforce.UserMenuDropDown.logout(UserMenuDropDown.java:323)
at com.tests.automationSalesforce.UserMenuDropDown.logout(UserMenuDropDown.java:323)
at com.tests.automationSalesforce.UserMenuDropDown.logout(UserMenuDropDown.java:323)
at com.tests.automationSalesforce.UserMenuDropDown.logout(UserMenuDropDown.java:323)
at com.tests.automationSalesforce.UserMenuDropDown.logout(UserMenuDropDown.java:323)
at com.tests.automationSalesforce.UserMenuDropDown.logout(UserMenuDropDown.java:323)
at com.tests.automationSalesforce.UserMenuDropDown.logout(UserMenuDropDown.java:323)
at com.tests.automationSalesforce.UserMenuDropDown.logout(UserMenuDropDown.java:323)
at com.tests.automationSalesforce.UserMenuDropDown.logout(UserMenuDropDown.java:323)
at com.tests.automationSalesforce.UserMenuDropDown.logout(UserMenuDropDown.java:323)
at com.tests.automationSalesforce.UserMenuDropDown.logout(UserMenuDropDown.java:323)
at com.tests.automationSalesforce.UserMenuDropDown.logout(UserMenuDropDown.java:323)
at com.tests.automationSalesforce.UserMenuDropDown.logout(UserMenuDropDown.java:323)
at com.tests.automationSalesforce.UserMenuDropDown.logout(UserMenuDropDown.java:323)
at com.tests.automationSalesforce.UserMenuDropDown.logout(UserMenuDropDown.java:323)
at com.tests.automationSalesforce.UserMenuDropDown.logout(UserMenuDropDown.java:323)
at com.tests.automationSalesforce.UserMenuDropDown.logout(UserMenuDropDown.java:323)
at com.tests.automationSalesforce.UserMenuDropDown.logout(UserMenuDropDown.java:323)
at com.tests.automationSalesforce.UserMenuDropDown.logout(UserMenuDropDown.java:323)
at com.tests.automationSalesforce.UserMenuDropDown.logout(UserMenuDropDown.java:323)
at com.tests.automationSalesforce.UserMenuDropDown.logout(UserMenuDropDown.java:323)
at com.tests.automationSalesforce.UserMenuDropDown.logout(UserMenuDropDown.java:323)
at com.tests.automationSalesforce.UserMenuDropDown.logout(UserMenuDropDown.java:323)
at com.tests.automationSalesforce.UserMenuDropDown.logout(UserMenuDropDown.java:323)
at com.tests.automationSalesforce.UserMenuDropDown.logout(UserMenuDropDown.java:323)
at com.tests.automationSalesforce.UserMenuDropDown.logout(UserMenuDropDown.java:323)
at com.tests.automationSalesforce.UserMenuDropDown.logout(UserMenuDropDown.java:323)
at com.tests.automationSalesforce.UserMenuDropDown.logout(UserMenuDropDown.java:323)
at com.tests.automationSalesforce.UserMenuDropDown.logout(UserMenuDropDown.java:323)
at com.tests.automationSalesforce.UserMenuDropDown.logout(UserMenuDropDown.java:323)
at com.tests.automationSalesforce.UserMenuDropDown.logout(UserMenuDropDown.java:323)
at com.tests.automationSalesforce.UserMenuDropDown.logout(UserMenuDropDown.java:323)
at com.tests.automationSalesforce.UserMenuDropDown.logout(UserMenuDropDown.java:323)
at com.tests.automationSalesforce.UserMenuDropDown.logout(UserMenuDropDown.java:323)
at com.tests.automationSalesforce.UserMenuDropDown.logout(UserMenuDropDown.java:323)
at com.tests.automationSalesforce.UserMenuDropDown.logout(UserMenuDropDown.java:323)
at com.tests.automationSalesforce.UserMenuDropDown.logout(UserMenuDropDown.java:323)
at com.tests.automationSalesforce.UserMenuDropDown.logout(UserMenuDropDown.java:323)
at com.tests.automationSalesforce.UserMenuDropDown.logout(UserMenuDropDown.java:323)
at com.tests.automationSalesforce.UserMenuDropDown.logout(UserMenuDropDown.java:323)
at com.tests.automationSalesforce.UserMenuDropDown.logout(UserMenuDropDown.java:323)
at com.tests.automationSalesforce.UserMenuDropDown.logout(UserMenuDropDown.java:323)
at com.tests.automationSalesforce.UserMenuDropDown.logout(UserMenuDropDown.java:323)
at com.tests.automationSalesforce.UserMenuDropDown.logout(UserMenuDropDown.java:323)
at com.tests.automationSalesforce.UserMenuDropDown.logout(UserMenuDropDown.java:323)
at com.tests.automationSalesforce.UserMenuDropDown.logout(UserMenuDropDown.java:323)
at com.tests.automationSalesforce.UserMenuDropDown.logout(UserMenuDropDown.java:323)
at com.tests.automationSalesforce.UserMenuDropDown.logout(UserMenuDropDown.java:323)
at com.tests.automationSalesforce.UserMenuDropDown.logout(UserMenuDropDown.java:323)
at com.tests.automationSalesforce.UserMenuDropDown.logout(UserMenuDropDown.java:323)
at com.tests.automationSalesforce.UserMenuDropDown.logout(UserMenuDropDown.java:323)
at com.tests.automationSalesforce.UserMenuDropDown.logout(UserMenuDropDown.java:323)
at com.tests.automationSalesforce.UserMenuDropDown.logout(UserMenuDropDown.java:323)
at com.tests.automationSalesforce.UserMenuDropDown.logout(UserMenuDropDown.java:323)
at com.tests.automationSalesforce.UserMenuDropDown.logout(UserMenuDropDown.java:323)
at com.tests.automationSalesforce.UserMenuDropDown.logout(UserMenuDropDown.java:323)
at com.tests.automationSalesforce.UserMenuDropDown.logout(UserMenuDropDown.java:323)
at com.tests.automationSalesforce.UserMenuDropDown.logout(UserMenuDropDown.java:323)
at com.tests.automationSalesforce.UserMenuDropDown.logout(UserMenuDropDown.java:323)
at com.tests.automationSalesforce.UserMenuDropDown.logout(UserMenuDropDown.java:323)
at com.tests.automationSalesforce.UserMenuDropDown.logout(UserMenuDropDown.java:323)
at com.tests.automationSalesforce.UserMenuDropDown.logout(UserMenuDropDown.java:323)
at com.tests.automationSalesforce.UserMenuDropDown.logout(UserMenuDropDown.java:323)
at com.tests.automationSalesforce.UserMenuDropDown.logout(UserMenuDropDown.java:323)
at com.tests.automationSalesforce.UserMenuDropDown.logout(UserMenuDropDown.java:323)
at com.tests.automationSalesforce.UserMenuDropDown.logout(UserMenuDropDown.java:323)
at com.tests.automationSalesforce.UserMenuDropDown.logout(UserMenuDropDown.java:323)
at com.tests.automationSalesforce.UserMenuDropDown.logout(UserMenuDropDown.java:323)
at com.tests.automationSalesforce.UserMenuDropDown.logout(UserMenuDropDown.java:323)
at com.tests.automationSalesforce.UserMenuDropDown.logout(UserMenuDropDown.java:323)
at com.tests.automationSalesforce.UserMenuDropDown.logout(UserMenuDropDown.java:323)
at com.tests.automationSalesforce.UserMenuDropDown.logout(UserMenuDropDown.java:323)
at com.tests.automationSalesforce.UserMenuDropDown.logout(UserMenuDropDown.java:323)
at com.tests.automationSalesforce.UserMenuDropDown.logout(UserMenuDropDown.java:323)
at com.tests.automationSalesforce.UserMenuDropDown.logout(UserMenuDropDown.java:323)
at com.tests.automationSalesforce.UserMenuDropDown.logout(UserMenuDropDown.java:323)
at com.tests.automationSalesforce.UserMenuDropDown.logout(UserMenuDropDown.java:323)
at com.tests.automationSalesforce.UserMenuDropDown.logout(UserMenuDropDown.java:323)
at com.tests.automationSalesforce.UserMenuDropDown.logout(UserMenuDropDown.java:323)
at com.tests.automationSalesforce.UserMenuDropDown.logout(UserMenuDropDown.java:323)
at com.tests.automationSalesforce.UserMenuDropDown.logout(UserMenuDropDown.java:323)
at com.tests.automationSalesforce.UserMenuDropDown.logout(UserMenuDropDown.java:323)
at com.tests.automationSalesforce.UserMenuDropDown.logout(UserMenuDropDown.java:323)
at com.tests.automationSalesforce.UserMenuDropDown.logout(UserMenuDropDown.java:323)
at com.tests.automationSalesforce.UserMenuDropDown.logout(UserMenuDropDown.java:323)
at com.tests.automationSalesforce.UserMenuDropDown.logout(UserMenuDropDown.java:323)
at com.tests.automationSalesforce.UserMenuDropDown.logout(UserMenuDropDown.java:323)
at com.tests.automationSalesforce.UserMenuDropDown.logout(UserMenuDropDown.java:323)
at com.tests.automationSalesforce.UserMenuDropDown.logout(UserMenuDropDown.java:323)
at com.tests.automationSalesforce.UserMenuDropDown.logout(UserMenuDropDown.java:323)
at com.tests.automationSalesforce.UserMenuDropDown.logout(UserMenuDropDown.java:323)
at com.tests.automationSalesforce.UserMenuDropDown.logout(UserMenuDropDown.java:323)
at com.tests.automationSalesforce.UserMenuDropDown.logout(UserMenuDropDown.java:323)
at com.tests.automationSalesforce.UserMenuDropDown.logout(UserMenuDropDown.java:323)
at com.tests.automationSalesforce.UserMenuDropDown.logout(UserMenuDropDown.java:323)
at com.tests.automationSalesforce.UserMenuDropDown.logout(UserMenuDropDown.java:323)
at com.tests.automationSalesforce.UserMenuDropDown.logout(UserMenuDropDown.java:323)
at com.tests.automationSalesforce.UserMenuDropDown.logout(UserMenuDropDown.java:323)
at com.tests.automationSalesforce.UserMenuDropDown.logout(UserMenuDropDown.java:323)
at com.tests.automationSalesforce.UserMenuDropDown.logout(UserMenuDropDown.java:323)
at com.tests.automationSalesforce.UserMenuDropDown.logout(UserMenuDropDown.java:323)
at com.tests.automationSalesforce.UserMenuDropDown.logout(UserMenuDropDown.java:323)
at com.tests.automationSalesforce.UserMenuDropDown.logout(UserMenuDropDown.java:323)
at com.tests.automationSalesforce.UserMenuDropDown.logout(UserMenuDropDown.java:323)
at com.tests.automationSalesforce.UserMenuDropDown.logout(UserMenuDropDown.java:323)
at com.tests.automationSalesforce.UserMenuDropDown.logout(UserMenuDropDown.java:323)
at com.tests.automationSalesforce.UserMenuDropDown.logout(UserMenuDropDown.java:323)
at com.tests.automationSalesforce.UserMenuDropDown.logout(UserMenuDropDown.java:323)
at com.tests.automationSalesforce.UserMenuDropDown.logout(UserMenuDropDown.java:323)
at com.tests.automationSalesforce.UserMenuDropDown.logout(UserMenuDropDown.java:323)
at com.tests.automationSalesforce.UserMenuDropDown.logout(UserMenuDropDown.java:323)
at com.tests.automationSalesforce.UserMenuDropDown.logout(UserMenuDropDown.java:323)
at com.tests.automationSalesforce.UserMenuDropDown.logout(UserMenuDropDown.java:323)
at com.tests.automationSalesforce.UserMenuDropDown.logout(UserMenuDropDown.java:323)
at com.tests.automationSalesforce.UserMenuDropDown.logout(UserMenuDropDown.java:323)
at com.tests.automationSalesforce.UserMenuDropDown.logout(UserMenuDropDown.java:323)
at com.tests.automationSalesforce.UserMenuDropDown.logout(UserMenuDropDown.java:323)
at com.tests.automationSalesforce.UserMenuDropDown.logout(UserMenuDropDown.java:323)
at com.tests.automationSalesforce.UserMenuDropDown.logout(UserMenuDropDown.java:323)
at com.tests.automationSalesforce.UserMenuDropDown.logout(UserMenuDropDown.java:323)
at com.tests.automationSalesforce.UserMenuDropDown.logout(UserMenuDropDown.java:323)
at com.tests.automationSalesforce.UserMenuDropDown.logout(UserMenuDropDown.java:323)
at com.tests.automationSalesforce.UserMenuDropDown.logout(UserMenuDropDown.java:323)
at com.tests.automationSalesforce.UserMenuDropDown.logout(UserMenuDropDown.java:323)
at com.tests.automationSalesforce.UserMenuDropDown.logout(UserMenuDropDown.java:323)
at com.tests.automationSalesforce.UserMenuDropDown.logout(UserMenuDropDown.java:323)
at com.tests.automationSalesforce.UserMenuDropDown.logout(UserMenuDropDown.java:323)
at com.tests.automationSalesforce.UserMenuDropDown.logout(UserMenuDropDown.java:323)
at com.tests.automationSalesforce.UserMenuDropDown.logout(UserMenuDropDown.java:323)
at com.tests.automationSalesforce.UserMenuDropDown.logout(UserMenuDropDown.java:323)
at com.tests.automationSalesforce.UserMenuDropDown.logout(UserMenuDropDown.java:323)
at com.tests.automationSalesforce.UserMenuDropDown.logout(UserMenuDropDown.java:323)
at com.tests.automationSalesforce.UserMenuDropDown.logout(UserMenuDropDown.java:323)
at com.tests.automationSalesforce.UserMenuDropDown.logout(UserMenuDropDown.java:323)
at com.tests.automationSalesforce.UserMenuDropDown.logout(UserMenuDropDown.java:323)
at com.tests.automationSalesforce.UserMenuDropDown.logout(UserMenuDropDown.java:323)
at com.tests.automationSalesforce.UserMenuDropDown.logout(UserMenuDropDown.java:323)
at com.tests.automationSalesforce.UserMenuDropDown.logout(UserMenuDropDown.java:323)
at com.tests.automationSalesforce.UserMenuDropDown.logout(UserMenuDropDown.java:323)
at com.tests.automationSalesforce.UserMenuDropDown.logout(UserMenuDropDown.java:323)
at com.tests.automationSalesforce.UserMenuDropDown.logout(UserMenuDropDown.java:323)
at com.tests.automationSalesforce.UserMenuDropDown.logout(UserMenuDropDown.java:323)
at com.tests.automationSalesforce.UserMenuDropDown.logout(UserMenuDropDown.java:323)
at com.tests.automationSalesforce.UserMenuDropDown.logout(UserMenuDropDown.java:323)
at com.tests.automationSalesforce.UserMenuDropDown.logout(UserMenuDropDown.java:323)
at com.tests.automationSalesforce.UserMenuDropDown.logout(UserMenuDropDown.java:323)
at com.tests.automationSalesforce.UserMenuDropDown.logout(UserMenuDropDown.java:323)
at com.tests.automationSalesforce.UserMenuDropDown.logout(UserMenuDropDown.java:323)
at com.tests.automationSalesforce.UserMenuDropDown.logout(UserMenuDropDown.java:323)
at com.tests.automationSalesforce.UserMenuDropDown.logout(UserMenuDropDown.java:323)
at com.tests.automationSalesforce.UserMenuDropDown.logout(UserMenuDropDown.java:323)
at com.tests.automationSalesforce.UserMenuDropDown.logout(UserMenuDropDown.java:323)
at com.tests.automationSalesforce.UserMenuDropDown.logout(UserMenuDropDown.java:323)
at com.tests.automationSalesforce.UserMenuDropDown.logout(UserMenuDropDown.java:323)
at com.tests.automationSalesforce.UserMenuDropDown.logout(UserMenuDropDown.java:323)
at com.tests.automationSalesforce.UserMenuDropDown.logout(UserMenuDropDown.java:323)
at com.tests.automationSalesforce.UserMenuDropDown.logout(UserMenuDropDown.java:323)
at com.tests.automationSalesforce.UserMenuDropDown.logout(UserMenuDropDown.java:323)
at com.tests.automationSalesforce.UserMenuDropDown.logout(UserMenuDropDown.java:323)
at com.tests.automationSalesforce.UserMenuDropDown.logout(UserMenuDropDown.java:323)
at com.tests.automationSalesforce.UserMenuDropDown.logout(UserMenuDropDown.java:323)
at com.tests.automationSalesforce.UserMenuDropDown.logout(UserMenuDropDown.java:323)
at com.tests.automationSalesforce.UserMenuDropDown.logout(UserMenuDropDown.java:323)
at com.tests.automationSalesforce.UserMenuDropDown.logout(UserMenuDropDown.java:323)
at com.tests.automationSalesforce.UserMenuDropDown.logout(UserMenuDropDown.java:323)
at com.tests.automationSalesforce.UserMenuDropDown.logout(UserMenuDropDown.java:323)
at com.tests.automationSalesforce.UserMenuDropDown.logout(UserMenuDropDown.java:323)
at com.tests.automationSalesforce.UserMenuDropDown.logout(UserMenuDropDown.java:323)
at com.tests.automationSalesforce.UserMenuDropDown.logout(UserMenuDropDown.java:323)
at com.tests.automationSalesforce.UserMenuDropDown.logout(UserMenuDropDown.java:323)
at com.tests.automationSalesforce.UserMenuDropDown.logout(UserMenuDropDown.java:323)
at com.tests.automationSalesforce.UserMenuDropDown.logout(UserMenuDropDown.java:323)
at com.tests.automationSalesforce.UserMenuDropDown.logout(UserMenuDropDown.java:323)
at com.tests.automationSalesforce.UserMenuDropDown.logout(UserMenuDropDown.java:323)
at com.tests.automationSalesforce.UserMenuDropDown.logout(UserMenuDropDown.java:323)
at com.tests.automationSalesforce.UserMenuDropDown.logout(UserMenuDropDown.java:323)
at com.tests.automationSalesforce.UserMenuDropDown.logout(UserMenuDropDown.java:323)
at com.tests.automationSalesforce.UserMenuDropDown.logout(UserMenuDropDown.java:323)
at com.tests.automationSalesforce.UserMenuDropDown.logout(UserMenuDropDown.java:323)
at com.tests.automationSalesforce.UserMenuDropDown.logout(UserMenuDropDown.java:323)
at com.tests.automationSalesforce.UserMenuDropDown.logout(UserMenuDropDown.java:323)
at com.tests.automationSalesforce.UserMenuDropDown.logout(UserMenuDropDown.java:323)
at com.tests.automationSalesforce.UserMenuDropDown.logout(UserMenuDropDown.java:323)
at com.tests.automationSalesforce.UserMenuDropDown.logout(UserMenuDropDown.java:323)
at com.tests.automationSalesforce.UserMenuDropDown.logout(UserMenuDropDown.java:323)
at com.tests.automationSalesforce.UserMenuDropDown.logout(UserMenuDropDown.java:323)
at com.tests.automationSalesforce.UserMenuDropDown.logout(UserMenuDropDown.java:323)
at com.tests.automationSalesforce.UserMenuDropDown.logout(UserMenuDropDown.java:323)
at com.tests.automationSalesforce.UserMenuDropDown.logout(UserMenuDropDown.java:323)
at com.tests.automationSalesforce.UserMenuDropDown.logout(UserMenuDropDown.java:323)
at com.tests.automationSalesforce.UserMenuDropDown.logout(UserMenuDropDown.java:323)
at com.tests.automationSalesforce.UserMenuDropDown.logout(UserMenuDropDown.java:323)
at com.tests.automationSalesforce.UserMenuDropDown.logout(UserMenuDropDown.java:323)
at com.tests.automationSalesforce.UserMenuDropDown.logout(UserMenuDropDown.java:323)
at com.tests.automationSalesforce.UserMenuDropDown.logout(UserMenuDropDown.java:323)
at com.tests.automationSalesforce.UserMenuDropDown.logout(UserMenuDropDown.java:323)
at com.tests.automationSalesforce.UserMenuDropDown.logout(UserMenuDropDown.java:323)
at com.tests.automationSalesforce.UserMenuDropDown.logout(UserMenuDropDown.java:323)
at com.tests.automationSalesforce.UserMenuDropDown.logout(UserMenuDropDown.java:323)
at com.tests.automationSalesforce.UserMenuDropDown.logout(UserMenuDropDown.java:323)
at com.tests.automationSalesforce.UserMenuDropDown.logout(UserMenuDropDown.java:323)
at com.tests.automationSalesforce.UserMenuDropDown.logout(UserMenuDropDown.java:323)
at com.tests.automationSalesforce.UserMenuDropDown.logout(UserMenuDropDown.java:323)
at com.tests.automationSalesforce.UserMenuDropDown.logout(UserMenuDropDown.java:323)
at com.tests.automationSalesforce.UserMenuDropDown.logout(UserMenuDropDown.java:323)
at com.tests.automationSalesforce.UserMenuDropDown.logout(UserMenuDropDown.java:323)
at com.tests.automationSalesforce.UserMenuDropDown.logout(UserMenuDropDown.java:323)
at com.tests.automationSalesforce.UserMenuDropDown.logout(UserMenuDropDown.java:323)
at com.tests.automationSalesforce.UserMenuDropDown.logout(UserMenuDropDown.java:323)
at com.tests.automationSalesforce.UserMenuDropDown.logout(UserMenuDropDown.java:323)
at com.tests.automationSalesforce.UserMenuDropDown.logout(UserMenuDropDown.java:323)
at com.tests.automationSalesforce.UserMenuDropDown.logout(UserMenuDropDown.java:323)
at com.tests.automationSalesforce.UserMenuDropDown.logout(UserMenuDropDown.java:323)
at com.tests.automationSalesforce.UserMenuDropDown.logout(UserMenuDropDown.java:323)
at com.tests.automationSalesforce.UserMenuDropDown.logout(UserMenuDropDown.java:323)
at com.tests.automationSalesforce.UserMenuDropDown.logout(UserMenuDropDown.java:323)
at com.tests.automationSalesforce.UserMenuDropDown.logout(UserMenuDropDown.java:323)
at com.tests.automationSalesforce.UserMenuDropDown.logout(UserMenuDropDown.java:323)
at com.tests.automationSalesforce.UserMenuDropDown.logout(UserMenuDropDown.java:323)
at com.tests.automationSalesforce.UserMenuDropDown.logout(UserMenuDropDown.java:323)
at com.tests.automationSalesforce.UserMenuDropDown.logout(UserMenuDropDown.java:323)
at com.tests.automationSalesforce.UserMenuDropDown.logout(UserMenuDropDown.java:323)
at com.tests.automationSalesforce.UserMenuDropDown.logout(UserMenuDropDown.java:323)
at com.tests.automationSalesforce.UserMenuDropDown.logout(UserMenuDropDown.java:323)
at com.tests.automationSalesforce.UserMenuDropDown.logout(UserMenuDropDown.java:323)
at com.tests.automationSalesforce.UserMenuDropDown.logout(UserMenuDropDown.java:323)
at com.tests.automationSalesforce.UserMenuDropDown.logout(UserMenuDropDown.java:323)
at com.tests.automationSalesforce.UserMenuDropDown.logout(UserMenuDropDown.java:323)
at com.tests.automationSalesforce.UserMenuDropDown.logout(UserMenuDropDown.java:323)
at com.tests.automationSalesforce.UserMenuDropDown.logout(UserMenuDropDown.java:323)
at com.tests.automationSalesforce.UserMenuDropDown.logout(UserMenuDropDown.java:323)
at com.tests.automationSalesforce.UserMenuDropDown.logout(UserMenuDropDown.java:323)
at com.tests.automationSalesforce.UserMenuDropDown.logout(UserMenuDropDown.java:323)
at com.tests.automationSalesforce.UserMenuDropDown.logout(UserMenuDropDown.java:323)
at com.tests.automationSalesforce.UserMenuDropDown.logout(UserMenuDropDown.java:323)
at com.tests.automationSalesforce.UserMenuDropDown.logout(UserMenuDropDown.java:323)
at com.tests.automationSalesforce.UserMenuDropDown.logout(UserMenuDropDown.java:323)
at com.tests.automationSalesforce.UserMenuDropDown.logout(UserMenuDropDown.java:323)
at com.tests.automationSalesforce.UserMenuDropDown.logout(UserMenuDropDown.java:323)
at com.tests.automationSalesforce.UserMenuDropDown.logout(UserMenuDropDown.java:323)
at com.tests.automationSalesforce.UserMenuDropDown.logout(UserMenuDropDown.java:323)
at com.tests.automationSalesforce.UserMenuDropDown.logout(UserMenuDropDown.java:323)
at com.tests.automationSalesforce.UserMenuDropDown.logout(UserMenuDropDown.java:323)
at com.tests.automationSalesforce.UserMenuDropDown.logout(UserMenuDropDown.java:323)
at com.tests.automationSalesforce.UserMenuDropDown.logout(UserMenuDropDown.java:323)
at com.tests.automationSalesforce.UserMenuDropDown.logout(UserMenuDropDown.java:323)
at com.tests.automationSalesforce.UserMenuDropDown.logout(UserMenuDropDown.java:323)
at com.tests.automationSalesforce.UserMenuDropDown.logout(UserMenuDropDown.java:323)
at com.tests.automationSalesforce.UserMenuDropDown.logout(UserMenuDropDown.java:323)
at com.tests.automationSalesforce.UserMenuDropDown.logout(UserMenuDropDown.java:323)
at com.tests.automationSalesforce.UserMenuDropDown.logout(UserMenuDropDown.java:323)
at com.tests.automationSalesforce.UserMenuDropDown.logout(UserMenuDropDown.java:323)
at com.tests.automationSalesforce.UserMenuDropDown.logout(UserMenuDropDown.java:323)
at com.tests.automationSalesforce.UserMenuDropDown.logout(UserMenuDropDown.java:323)
at com.tests.automationSalesforce.UserMenuDropDown.logout(UserMenuDropDown.java:323)
at com.tests.automationSalesforce.UserMenuDropDown.logout(UserMenuDropDown.java:323)
at com.tests.automationSalesforce.UserMenuDropDown.logout(UserMenuDropDown.java:323)
at com.tests.automationSalesforce.UserMenuDropDown.logout(UserMenuDropDown.java:323)
at com.tests.automationSalesforce.UserMenuDropDown.logout(UserMenuDropDown.java:323)
at com.tests.automationSalesforce.UserMenuDropDown.logout(UserMenuDropDown.java:323)
at com.tests.automationSalesforce.UserMenuDropDown.logout(UserMenuDropDown.java:323)
at com.tests.automationSalesforce.UserMenuDropDown.logout(UserMenuDropDown.java:323)
at com.tests.automationSalesforce.UserMenuDropDown.logout(UserMenuDropDown.java:323)
at com.tests.automationSalesforce.UserMenuDropDown.logout(UserMenuDropDown.java:323)
at com.tests.automationSalesforce.UserMenuDropDown.logout(UserMenuDropDown.java:323)
at com.tests.automationSalesforce.UserMenuDropDown.logout(UserMenuDropDown.java:323)
at com.tests.automationSalesforce.UserMenuDropDown.logout(UserMenuDropDown.java:323)
at com.tests.automationSalesforce.UserMenuDropDown.logout(UserMenuDropDown.java:323)
at com.tests.automationSalesforce.UserMenuDropDown.logout(UserMenuDropDown.java:323)
at com.tests.automationSalesforce.UserMenuDropDown.logout(UserMenuDropDown.java:323)
at com.tests.automationSalesforce.UserMenuDropDown.logout(UserMenuDropDown.java:323)
at com.tests.automationSalesforce.UserMenuDropDown.logout(UserMenuDropDown.java:323)
at com.tests.automationSalesforce.UserMenuDropDown.logout(UserMenuDropDown.java:323)
at com.tests.automationSalesforce.UserMenuDropDown.logout(UserMenuDropDown.java:323)
at com.tests.automationSalesforce.UserMenuDropDown.logout(UserMenuDropDown.java:323)
at com.tests.automationSalesforce.UserMenuDropDown.logout(UserMenuDropDown.java:323)
at com.tests.automationSalesforce.UserMenuDropDown.logout(UserMenuDropDown.java:323)
at com.tests.automationSalesforce.UserMenuDropDown.logout(UserMenuDropDown.java:323)
at com.tests.automationSalesforce.UserMenuDropDown.logout(UserMenuDropDown.java:323)
at com.tests.automationSalesforce.UserMenuDropDown.logout(UserMenuDropDown.java:323)
at com.tests.automationSalesforce.UserMenuDropDown.logout(UserMenuDropDown.java:323)
at com.tests.automationSalesforce.UserMenuDropDown.logout(UserMenuDropDown.java:323)
at com.tests.automationSalesforce.UserMenuDropDown.logout(UserMenuDropDown.java:323)
at com.tests.automationSalesforce.UserMenuDropDown.logout(UserMenuDropDown.java:323)
at com.tests.automationSalesforce.UserMenuDropDown.logout(UserMenuDropDown.java:323)
at com.tests.automationSalesforce.UserMenuDropDown.logout(UserMenuDropDown.java:323)
at com.tests.automationSalesforce.UserMenuDropDown.logout(UserMenuDropDown.java:323)
at com.tests.automationSalesforce.UserMenuDropDown.logout(UserMenuDropDown.java:323)
at com.tests.automationSalesforce.UserMenuDropDown.logout(UserMenuDropDown.java:323)
at com.tests.automationSalesforce.UserMenuDropDown.logout(UserMenuDropDown.java:323)
at com.tests.automationSalesforce.UserMenuDropDown.logout(UserMenuDropDown.java:323)
at com.tests.automationSalesforce.UserMenuDropDown.logout(UserMenuDropDown.java:323)
at com.tests.automationSalesforce.UserMenuDropDown.logout(UserMenuDropDown.java:323)
at com.tests.automationSalesforce.UserMenuDropDown.logout(UserMenuDropDown.java:323)
at com.tests.automationSalesforce.UserMenuDropDown.logout(UserMenuDropDown.java:323)
at com.tests.automationSalesforce.UserMenuDropDown.logout(UserMenuDropDown.java:323)
at com.tests.automationSalesforce.UserMenuDropDown.logout(UserMenuDropDown.java:323)
at com.tests.automationSalesforce.UserMenuDropDown.logout(UserMenuDropDown.java:323)
at com.tests.automationSalesforce.UserMenuDropDown.logout(UserMenuDropDown.java:323)
at com.tests.automationSalesforce.UserMenuDropDown.logout(UserMenuDropDown.java:323)
at com.tests.automationSalesforce.UserMenuDropDown.logout(UserMenuDropDown.java:323)
at com.tests.automationSalesforce.UserMenuDropDown.logout(UserMenuDropDown.java:323)
at com.tests.automationSalesforce.UserMenuDropDown.logout(UserMenuDropDown.java:323)
at com.tests.automationSalesforce.UserMenuDropDown.logout(UserMenuDropDown.java:323)
at com.tests.automationSalesforce.UserMenuDropDown.logout(UserMenuDropDown.java:323)
at com.tests.automationSalesforce.UserMenuDropDown.logout(UserMenuDropDown.java:323)
at com.tests.automationSalesforce.UserMenuDropDown.logout(UserMenuDropDown.java:323)
at com.tests.automationSalesforce.UserMenuDropDown.logout(UserMenuDropDown.java:323)
at com.tests.automationSalesforce.UserMenuDropDown.logout(UserMenuDropDown.java:323)
at com.tests.automationSalesforce.UserMenuDropDown.logout(UserMenuDropDown.java:323)
at com.tests.automationSalesforce.UserMenuDropDown.logout(UserMenuDropDown.java:323)
at com.tests.automationSalesforce.UserMenuDropDown.logout(UserMenuDropDown.java:323)
at com.tests.automationSalesforce.UserMenuDropDown.logout(UserMenuDropDown.java:323)
at com.tests.automationSalesforce.UserMenuDropDown.logout(UserMenuDropDown.java:323)
at com.tests.automationSalesforce.UserMenuDropDown.logout(UserMenuDropDown.java:323)
at com.tests.automationSalesforce.UserMenuDropDown.logout(UserMenuDropDown.java:323)
at com.tests.automationSalesforce.UserMenuDropDown.logout(UserMenuDropDown.java:323)
at com.tests.automationSalesforce.UserMenuDropDown.logout(UserMenuDropDown.java:323)
at com.tests.automationSalesforce.UserMenuDropDown.logout(UserMenuDropDown.java:323)
at com.tests.automationSalesforce.UserMenuDropDown.logout(UserMenuDropDown.java:323)
at com.tests.automationSalesforce.UserMenuDropDown.logout(UserMenuDropDown.java:323)
at com.tests.automationSalesforce.UserMenuDropDown.logout(UserMenuDropDown.java:323)
at com.tests.automationSalesforce.UserMenuDropDown.logout(UserMenuDropDown.java:323)
at com.tests.automationSalesforce.UserMenuDropDown.logout(UserMenuDropDown.java:323)
at com.tests.automationSalesforce.UserMenuDropDown.logout(UserMenuDropDown.java:323)
at com.tests.automationSalesforce.UserMenuDropDown.logout(UserMenuDropDown.java:323)
at com.tests.automationSalesforce.UserMenuDropDown.logout(UserMenuDropDown.java:323)
at com.tests.automationSalesforce.UserMenuDropDown.logout(UserMenuDropDown.java:323)
at com.tests.automationSalesforce.UserMenuDropDown.logout(UserMenuDropDown.java:323)
at com.tests.automationSalesforce.UserMenuDropDown.logout(UserMenuDropDown.java:323)
at com.tests.automationSalesforce.UserMenuDropDown.logout(UserMenuDropDown.java:323)
at com.tests.automationSalesforce.UserMenuDropDown.logout(UserMenuDropDown.java:323)
at com.tests.automationSalesforce.UserMenuDropDown.logout(UserMenuDropDown.java:323)
at com.tests.automationSalesforce.UserMenuDropDown.logout(UserMenuDropDown.java:323)
at com.tests.automationSalesforce.UserMenuDropDown.logout(UserMenuDropDown.java:323)
at com.tests.automationSalesforce.UserMenuDropDown.logout(UserMenuDropDown.java:323)
at com.tests.automationSalesforce.UserMenuDropDown.logout(UserMenuDropDown.java:323)
at com.tests.automationSalesforce.UserMenuDropDown.logout(UserMenuDropDown.java:323)
at com.tests.automationSalesforce.UserMenuDropDown.logout(UserMenuDropDown.java:323)
at com.tests.automationSalesforce.UserMenuDropDown.logout(UserMenuDropDown.java:323)
at com.tests.automationSalesforce.UserMenuDropDown.logout(UserMenuDropDown.java:323)
at com.tests.automationSalesforce.UserMenuDropDown.logout(UserMenuDropDown.java:323)
at com.tests.automationSalesforce.UserMenuDropDown.logout(UserMenuDropDown.java:323)
at com.tests.automationSalesforce.UserMenuDropDown.logout(UserMenuDropDown.java:323)
at com.tests.automationSalesforce.UserMenuDropDown.logout(UserMenuDropDown.java:323)
at com.tests.automationSalesforce.UserMenuDropDown.logout(UserMenuDropDown.java:323)
at com.tests.automationSalesforce.UserMenuDropDown.logout(UserMenuDropDown.java:323)
at com.tests.automationSalesforce.UserMenuDropDown.logout(UserMenuDropDown.java:323)
at com.tests.automationSalesforce.UserMenuDropDown.logout(UserMenuDropDown.java:323)
at com.tests.automationSalesforce.UserMenuDropDown.logout(UserMenuDropDown.java:323)
at com.tests.automationSalesforce.UserMenuDropDown.logout(UserMenuDropDown.java:323)
at com.tests.automationSalesforce.UserMenuDropDown.logout(UserMenuDropDown.java:323)
at com.tests.automationSalesforce.UserMenuDropDown.logout(UserMenuDropDown.java:323)
at com.tests.automationSalesforce.UserMenuDropDown.logout(UserMenuDropDown.java:323)
at com.tests.automationSalesforce.UserMenuDropDown.logout(UserMenuDropDown.java:323)
at com.tests.automationSalesforce.UserMenuDropDown.logout(UserMenuDropDown.java:323)
at com.tests.automationSalesforce.UserMenuDropDown.logout(UserMenuDropDown.java:323)
at com.tests.automationSalesforce.UserMenuDropDown.logout(UserMenuDropDown.java:323)
at com.tests.automationSalesforce.UserMenuDropDown.logout(UserMenuDropDown.java:323)
at com.tests.automationSalesforce.UserMenuDropDown.logout(UserMenuDropDown.java:323)
at com.tests.automationSalesforce.UserMenuDropDown.logout(UserMenuDropDown.java:323)
at com.tests.automationSalesforce.UserMenuDropDown.logout(UserMenuDropDown.java:323)
at com.tests.automationSalesforce.UserMenuDropDown.logout(UserMenuDropDown.java:323)
at com.tests.automationSalesforce.UserMenuDropDown.logout(UserMenuDropDown.java:323)
at com.tests.automationSalesforce.UserMenuDropDown.logout(UserMenuDropDown.java:323)
at com.tests.automationSalesforce.UserMenuDropDown.logout(UserMenuDropDown.java:323)
at com.tests.automationSalesforce.UserMenuDropDown.logout(UserMenuDropDown.java:323)
at com.tests.automationSalesforce.UserMenuDropDown.logout(UserMenuDropDown.java:323)
at com.tests.automationSalesforce.UserMenuDropDown.logout(UserMenuDropDown.java:323)
at com.tests.automationSalesforce.UserMenuDropDown.logout(UserMenuDropDown.java:323)
at com.tests.automationSalesforce.UserMenuDropDown.logout(UserMenuDropDown.java:323)
at com.tests.automationSalesforce.UserMenuDropDown.logout(UserMenuDropDown.java:323)
at com.tests.automationSalesforce.UserMenuDropDown.logout(UserMenuDropDown.java:323)
at com.tests.automationSalesforce.UserMenuDropDown.logout(UserMenuDropDown.java:323)
at com.tests.automationSalesforce.UserMenuDropDown.logout(UserMenuDropDown.java:323)
at com.tests.automationSalesforce.UserMenuDropDown.logout(UserMenuDropDown.java:323)
at com.tests.automationSalesforce.UserMenuDropDown.logout(UserMenuDropDown.java:323)
at com.tests.automationSalesforce.UserMenuDropDown.logout(UserMenuDropDown.java:323)
at com.tests.automationSalesforce.UserMenuDropDown.logout(UserMenuDropDown.java:323)
at com.tests.automationSalesforce.UserMenuDropDown.logout(UserMenuDropDown.java:323)
at com.tests.automationSalesforce.UserMenuDropDown.logout(UserMenuDropDown.java:323)
at com.tests.automationSalesforce.UserMenuDropDown.logout(UserMenuDropDown.java:323)
[...]
at com.tests.automationSalesforce.UserMenuDropDown.logout(UserMenuDropDown.java:323)
at com.tests.automationSalesforce.UserMenuDropDown.logout(UserMenuDropDown.java:323)
at com.tests.automationSalesforce.UserMenuDropDown.logout(UserMenuDropDown.java:323)
at com.tests.automationSalesforce.UserMenuDropDown.logout(UserMenuDropDown.java:323)
at com.tests.automationSalesforce.UserMenuDropDown.logout(UserMenuDropDown.java:323)
at com.tests.automationSalesforce.UserMenuDropDown.logout(UserMenuDropDown.java:323)
at com.tests.automationSalesforce.UserMenuDropDown.logout(UserMenuDropDown.java:323)
at com.tests.automationSalesforce.UserMenuDropDown.logout(UserMenuDropDown.java:323)
at com.tests.automationSalesforce.UserMenuDropDown.logout(UserMenuDropDown.java:323)
at com.tests.automationSalesforce.UserMenuDropDown.logout(UserMenuDropDown.java:323)
at com.tests.automationSalesforce.UserMenuDropDown.logout(UserMenuDropDown.java:323)
at com.tests.automationSalesforce.UserMenuDropDown.logout(UserMenuDropDown.java:323)
at com.tests.automationSalesforce.UserMenuDropDown.logout(UserMenuDropDown.java:323)
at com.tests.automationSalesforce.UserMenuDropDown.logout(UserMenuDropDown.java:323)
at com.tests.automationSalesforce.UserMenuDropDown.logout(UserMenuDropDown.java:323)
at com.tests.automationSalesforce.UserMenuDropDown.logout(UserMenuDropDown.java:323)
at com.tests.automationSalesforce.UserMenuDropDown.logout(UserMenuDropDown.java:323)
at com.tests.automationSalesforce.UserMenuDropDown.logout(UserMenuDropDown.java:323)
at com.tests.automationSalesforce.UserMenuDropDown.logout(UserMenuDropDown.java:323)
at com.tests.automationSalesforce.UserMenuDropDown.logout(UserMenuDropDown.java:323)
at com.tests.automationSalesforce.UserMenuDropDown.logout(UserMenuDropDown.java:323)
at com.tests.automationSalesforce.UserMenuDropDown.logout(UserMenuDropDown.java:323)
at com.tests.automationSalesforce.UserMenuDropDown.logout(UserMenuDropDown.java:323)
at com.tests.automationSalesforce.UserMenuDropDown.logout(UserMenuDropDown.java:323)
at com.tests.automationSalesforce.UserMenuDropDown.logout(UserMenuDropDown.java:323)
at com.tests.automationSalesforce.UserMenuDropDown.logout(UserMenuDropDown.java:323)
at com.tests.automationSalesforce.UserMenuDropDown.logout(UserMenuDropDown.java:323)
at com.tests.automationSalesforce.UserMenuDropDown.logout(UserMenuDropDown.java:323)
at com.tests.automationSalesforce.UserMenuDropDown.logout(UserMenuDropDown.java:323)
at com.tests.automationSalesforce.UserMenuDropDown.logout(UserMenuDropDown.java:323)
at com.tests.automationSalesforce.UserMenuDropDown.logout(UserMenuDropDown.java:323)
at com.tests.automationSalesforce.UserMenuDropDown.logout(UserMenuDropDown.java:323)
at com.tests.automationSalesforce.UserMenuDropDown.logout(UserMenuDropDown.java:323)
at com.tests.automationSalesforce.UserMenuDropDown.logout(UserMenuDropDown.java:323)
at com.tests.automationSalesforce.UserMenuDropDown.logout(UserMenuDropDown.java:323)
at com.tests.automationSalesforce.UserMenuDropDown.logout(UserMenuDropDown.java:323)
at com.tests.automationSalesforce.UserMenuDropDown.logout(UserMenuDropDown.java:323)
at com.tests.automationSalesforce.UserMenuDropDown.logout(UserMenuDropDown.java:323)
at com.tests.automationSalesforce.UserMenuDropDown.logout(UserMenuDropDown.java:323)
at com.tests.automationSalesforce.UserMenuDropDown.logout(UserMenuDropDown.java:323)
at com.tests.automationSalesforce.UserMenuDropDown.logout(UserMenuDropDown.java:323)
at com.tests.automationSalesforce.UserMenuDropDown.logout(UserMenuDropDown.java:323)
at com.tests.automationSalesforce.UserMenuDropDown.logout(UserMenuDropDown.java:323)
at com.tests.automationSalesforce.UserMenuDropDown.logout(UserMenuDropDown.java:323)
at com.tests.automationSalesforce.UserMenuDropDown.logout(UserMenuDropDown.java:323)
at com.tests.automationSalesforce.UserMenuDropDown.logout(UserMenuDropDown.java:323)
at com.tests.automationSalesforce.UserMenuDropDown.logout(UserMenuDropDown.java:323)
at com.tests.automationSalesforce.UserMenuDropDown.logout(UserMenuDropDown.java:323)
at com.tests.automationSalesforce.UserMenuDropDown.logout(UserMenuDropDown.java:323)
at com.tests.automationSalesforce.UserMenuDropDown.logout(UserMenuDropDown.java:323)
at com.tests.automationSalesforce.UserMenuDropDown.logout(UserMenuDropDown.java:323)
at com.tests.automationSalesforce.UserMenuDropDown.logout(UserMenuDropDown.java:323)
at com.tests.automationSalesforce.UserMenuDropDown.logout(UserMenuDropDown.java:323)
at com.tests.automationSalesforce.UserMenuDropDown.logout(UserMenuDropDown.java:323)
at com.tests.automationSalesforce.UserMenuDropDown.logout(UserMenuDropDown.java:323)
at com.tests.automationSalesforce.UserMenuDropDown.logout(UserMenuDropDown.java:323)
at com.tests.automationSalesforce.UserMenuDropDown.logout(UserMenuDropDown.java:323)
at com.tests.automationSalesforce.UserMenuDropDown.logout(UserMenuDropDown.java:323)
at com.tests.automationSalesforce.UserMenuDropDown.logout(UserMenuDropDown.java:323)
at com.tests.automationSalesforce.UserMenuDropDown.logout(UserMenuDropDown.java:323)
at com.tests.automationSalesforce.UserMenuDropDown.logout(UserMenuDropDown.java:323)
at com.tests.automationSalesforce.UserMenuDropDown.logout(UserMenuDropDown.java:323)
at com.tests.automationSalesforce.UserMenuDropDown.logout(UserMenuDropDown.java:323)
at com.tests.automationSalesforce.UserMenuDropDown.logout(UserMenuDropDown.java:323)
at com.tests.automationSalesforce.UserMenuDropDown.logout(UserMenuDropDown.java:323)
at com.tests.automationSalesforce.UserMenuDropDown.logout(UserMenuDropDown.java:323)
at com.tests.automationSalesforce.UserMenuDropDown.logout(UserMenuDropDown.java:323)
at com.tests.automationSalesforce.UserMenuDropDown.logout(UserMenuDropDown.java:323)
at com.tests.automationSalesforce.UserMenuDropDown.logout(UserMenuDropDown.java:323)
at com.tests.automationSalesforce.UserMenuDropDown.logout(UserMenuDropDown.java:323)
at com.tests.automationSalesforce.UserMenuDropDown.logout(UserMenuDropDown.java:323)
at com.tests.automationSalesforce.UserMenuDropDown.logout(UserMenuDropDown.java:323)
at com.tests.automationSalesforce.UserMenuDropDown.logout(UserMenuDropDown.java:323)
at com.tests.automationSalesforce.UserMenuDropDown.logout(UserMenuDropDown.java:323)
at com.tests.automationSalesforce.UserMenuDropDown.logout(UserMenuDropDown.java:323)
at com.tests.automationSalesforce.UserMenuDropDown.logout(UserMenuDropDown.java:323)
at com.tests.automationSalesforce.UserMenuDropDown.logout(UserMenuDropDown.java:323)
at com.tests.automationSalesforce.UserMenuDropDown.logout(UserMenuDropDown.java:323)
at com.tests.automationSalesforce.UserMenuDropDown.logout(UserMenuDropDown.java:323)
at com.tests.automationSalesforce.UserMenuDropDown.logout(UserMenuDropDown.java:323)
at com.tests.automationSalesforce.UserMenuDropDown.logout(UserMenuDropDown.java:323)
at com.tests.automationSalesforce.UserMenuDropDown.logout(UserMenuDropDown.java:323)
at com.tests.automationSalesforce.UserMenuDropDown.logout(UserMenuDropDown.java:323)
at com.tests.automationSalesforce.UserMenuDropDown.logout(UserMenuDropDown.java:323)
at com.tests.automationSalesforce.UserMenuDropDown.logout(UserMenuDropDown.java:323)
at com.tests.automationSalesforce.UserMenuDropDown.logout(UserMenuDropDown.java:323)
at com.tests.automationSalesforce.UserMenuDropDown.logout(UserMenuDropDown.java:323)
at com.tests.automationSalesforce.UserMenuDropDown.logout(UserMenuDropDown.java:323)
at com.tests.automationSalesforce.UserMenuDropDown.logout(UserMenuDropDown.java:323)
at com.tests.automationSalesforce.UserMenuDropDown.logout(UserMenuDropDown.java:323)
at com.tests.automationSalesforce.UserMenuDropDown.logout(UserMenuDropDown.java:323)
at com.tests.automationSalesforce.UserMenuDropDown.logout(UserMenuDropDown.java:323)
at com.tests.automationSalesforce.UserMenuDropDown.logout(UserMenuDropDown.java:323)
at com.tests.automationSalesforce.UserMenuDropDown.logout(UserMenuDropDown.java:323)
at com.tests.automationSalesforce.UserMenuDropDown.logout(UserMenuDropDown.java:323)
at com.tests.automationSalesforce.UserMenuDropDown.logout(UserMenuDropDown.java:323)
at com.tests.automationSalesforce.UserMenuDropDown.logout(UserMenuDropDown.java:323)
at com.tests.automationSalesforce.UserMenuDropDown.logout(UserMenuDropDown.java:323)
at com.tests.automationSalesforce.UserMenuDropDown.logout(UserMenuDropDown.java:323)
at com.tests.automationSalesforce.UserMenuDropDown.logout(UserMenuDropDown.java:323)
at com.tests.automationSalesforce.UserMenuDropDown.logout(UserMenuDropDown.java:323)
at com.tests.automationSalesforce.UserMenuDropDown.logout(UserMenuDropDown.java:323)
at com.tests.automationSalesforce.UserMenuDropDown.logout(UserMenuDropDown.java:323)
at com.tests.automationSalesforce.UserMenuDropDown.logout(UserMenuDropDown.java:323)
at com.tests.automationSalesforce.UserMenuDropDown.logout(UserMenuDropDown.java:323)
at com.tests.automationSalesforce.UserMenuDropDown.logout(UserMenuDropDown.java:323)
at com.tests.automationSalesforce.UserMenuDropDown.logout(UserMenuDropDown.java:323)
at com.tests.automationSalesforce.UserMenuDropDown.logout(UserMenuDropDown.java:323)
at com.tests.automationSalesforce.UserMenuDropDown.logout(UserMenuDropDown.java:323)
at com.tests.automationSalesforce.UserMenuDropDown.logout(UserMenuDropDown.java:323)
at com.tests.automationSalesforce.UserMenuDropDown.logout(UserMenuDropDown.java:323)
at com.tests.automationSalesforce.UserMenuDropDown.logout(UserMenuDropDown.java:323)
at com.tests.automationSalesforce.UserMenuDropDown.logout(UserMenuDropDown.java:323)
at com.tests.automationSalesforce.UserMenuDropDown.logout(UserMenuDropDown.java:323)
at com.tests.automationSalesforce.UserMenuDropDown.logout(UserMenuDropDown.java:323)
at com.tests.automationSalesforce.UserMenuDropDown.logout(UserMenuDropDown.java:323)
at com.tests.automationSalesforce.UserMenuDropDown.logout(UserMenuDropDown.java:323)
at com.tests.automationSalesforce.UserMenuDropDown.logout(UserMenuDropDown.java:323)
at com.tests.automationSalesforce.UserMenuDropDown.logout(UserMenuDropDown.java:323)
at com.tests.automationSalesforce.UserMenuDropDown.logout(UserMenuDropDown.java:323)
at com.tests.automationSalesforce.UserMenuDropDown.logout(UserMenuDropDown.java:323)
at com.tests.automationSalesforce.UserMenuDropDown.logout(UserMenuDropDown.java:323)
at com.tests.automationSalesforce.UserMenuDropDown.logout(UserMenuDropDown.java:323)
at com.tests.automationSalesforce.UserMenuDropDown.logout(UserMenuDropDown.java:323)
at com.tests.automationSalesforce.UserMenuDropDown.logout(UserMenuDropDown.java:323)
at com.tests.automationSalesforce.UserMenuDropDown.logout(UserMenuDropDown.java:323)
at com.tests.automationSalesforce.UserMenuDropDown.logout(UserMenuDropDown.java:323)
at com.tests.automationSalesforce.UserMenuDropDown.logout(UserMenuDropDown.java:323)
at com.tests.automationSalesforce.UserMenuDropDown.logout(UserMenuDropDown.java:323)
at com.tests.automationSalesforce.UserMenuDropDown.logout(UserMenuDropDown.java:323)
at com.tests.automationSalesforce.UserMenuDropDown.logout(UserMenuDropDown.java:323)
at com.tests.automationSalesforce.UserMenuDropDown.logout(UserMenuDropDown.java:323)
at com.tests.automationSalesforce.UserMenuDropDown.logout(UserMenuDropDown.java:323)
at com.tests.automationSalesforce.UserMenuDropDown.logout(UserMenuDropDown.java:323)
at com.tests.automationSalesforce.UserMenuDropDown.logout(UserMenuDropDown.java:323)
at com.tests.automationSalesforce.UserMenuDropDown.logout(UserMenuDropDown.java:323)
at com.tests.automationSalesforce.UserMenuDropDown.logout(UserMenuDropDown.java:323)
at com.tests.automationSalesforce.UserMenuDropDown.logout(UserMenuDropDown.java:323)
at com.tests.automationSalesforce.UserMenuDropDown.logout(UserMenuDropDown.java:323)
at com.tests.automationSalesforce.UserMenuDropDown.logout(UserMenuDropDown.java:323)
at com.tests.automationSalesforce.UserMenuDropDown.logout(UserMenuDropDown.java:323)
at com.tests.automationSalesforce.UserMenuDropDown.logout(UserMenuDropDown.java:323)
at com.tests.automationSalesforce.UserMenuDropDown.logout(UserMenuDropDown.java:323)
at com.tests.automationSalesforce.UserMenuDropDown.logout(UserMenuDropDown.java:323)
at com.tests.automationSalesforce.UserMenuDropDown.logout(UserMenuDropDown.java:323)
at com.tests.automationSalesforce.UserMenuDropDown.logout(UserMenuDropDown.java:323)
at com.tests.automationSalesforce.UserMenuDropDown.logout(UserMenuDropDown.java:323)
at com.tests.automationSalesforce.UserMenuDropDown.logout(UserMenuDropDown.java:323)
at com.tests.automationSalesforce.UserMenuDropDown.logout(UserMenuDropDown.java:323)
at com.tests.automationSalesforce.UserMenuDropDown.logout(UserMenuDropDown.java:323)
at com.tests.automationSalesforce.UserMenuDropDown.logout(UserMenuDropDown.java:323)
at com.tests.automationSalesforce.UserMenuDropDown.logout(UserMenuDropDown.java:323)
at com.tests.automationSalesforce.UserMenuDropDown.logout(UserMenuDropDown.java:323)
at com.tests.automationSalesforce.UserMenuDropDown.logout(UserMenuDropDown.java:323)
at com.tests.automationSalesforce.UserMenuDropDown.logout(UserMenuDropDown.java:323)
at com.tests.automationSalesforce.UserMenuDropDown.logout(UserMenuDropDown.java:323)
at com.tests.automationSalesforce.UserMenuDropDown.logout(UserMenuDropDown.java:323)
at com.tests.automationSalesforce.UserMenuDropDown.logout(UserMenuDropDown.java:323)
at com.tests.automationSalesforce.UserMenuDropDown.logout(UserMenuDropDown.java:323)
at com.tests.automationSalesforce.UserMenuDropDown.logout(UserMenuDropDown.java:323)
at com.tests.automationSalesforce.UserMenuDropDown.logout(UserMenuDropDown.java:323)
]]>
    </error>
  </testcase> <!-- logout -->
  <system-out/>
  <testcase classname="com.tests.automationSalesforce.UserMenuDropDown" name="selectMyProfile" time="15.131">
    <failure message="expected [true] but found [false]" type="java.lang.AssertionError">
      <![CDATA[java.lang.AssertionError: expected [true] but found [false]
at org.testng.Assert.fail(Assert.java:110)
at org.testng.Assert.failNotEquals(Assert.java:1577)
at org.testng.Assert.assertTrue(Assert.java:56)
at org.testng.Assert.assertTrue(Assert.java:66)
at com.tests.automationSalesforce.UserMenuDropDown.selectMyProfile(UserMenuDropDown.java:52)
at java.base/jdk.internal.reflect.NativeMethodAccessorImpl.invoke0(Native Method)
at java.base/jdk.internal.reflect.NativeMethodAccessorImpl.invoke(NativeMethodAccessorImpl.java:77)
at java.base/jdk.internal.reflect.DelegatingMethodAccessorImpl.invoke(DelegatingMethodAccessorImpl.java:43)
at java.base/java.lang.reflect.Method.invoke(Method.java:568)
at org.testng.internal.invokers.MethodInvocationHelper.invokeMethod(MethodInvocationHelper.java:139)
at org.testng.internal.invokers.TestInvoker.invokeMethod(TestInvoker.java:677)
at org.testng.internal.invokers.TestInvoker.invokeTestMethod(TestInvoker.java:221)
at org.testng.internal.invokers.MethodRunner.runInSequence(MethodRunner.java:50)
at org.testng.internal.invokers.TestInvoker$MethodInvocationAgent.invoke(TestInvoker.java:969)
at org.testng.internal.invokers.TestInvoker.invokeTestMethods(TestInvoker.java:194)
at org.testng.internal.invokers.TestMethodWorker.invokeTestMethods(TestMethodWorker.java:148)
at org.testng.internal.invokers.TestMethodWorker.run(TestMethodWorker.java:128)
at java.base/java.util.ArrayList.forEach(ArrayList.java:1511)
at org.testng.TestRunner.privateRun(TestRunner.java:829)
at org.testng.TestRunner.run(TestRunner.java:602)
at org.testng.SuiteRunner.runTest(SuiteRunner.java:437)
at org.testng.SuiteRunner.runSequentially(SuiteRunner.java:431)
at org.testng.SuiteRunner.privateRun(SuiteRunner.java:391)
at org.testng.SuiteRunner.run(SuiteRunner.java:330)
at org.testng.SuiteRunnerWorker.runSuite(SuiteRunnerWorker.java:52)
at org.testng.SuiteRunnerWorker.run(SuiteRunnerWorker.java:95)
at org.testng.TestNG.runSuitesSequentially(TestNG.java:1256)
at org.testng.TestNG.runSuitesLocally(TestNG.java:1176)
at org.testng.TestNG.runSuites(TestNG.java:1099)
at org.testng.TestNG.run(TestNG.java:1067)
at org.testng.remote.AbstractRemoteTestNG.run(AbstractRemoteTestNG.java:115)
at org.testng.remote.RemoteTestNG.initAndRun(RemoteTestNG.java:251)
at org.testng.remote.RemoteTestNG.main(RemoteTestNG.java:77)
]]>
    </failure>
  </testcase> <!-- selectMyProfile -->
  <system-out/>
  <testcase classname="com.tests.automationSalesforce.UserMenuDropDown" name="developerConsole" time="21.851"/>
  <system-out/>
  <testcase classname="com.tests.automationSalesforce.UserMenuDropDown" name="mySettings" time="41.104">
    <error message="Cannot locate option with value: report
For documentation on this error, please visit: https://www.selenium.dev/documentation/webdriver/troubleshooting/errors#no-such-element-exception
Build info: version: &#039;4.13.0&#039;, revision: &#039;ba948ece5b*&#039;
System info: os.name: &#039;Windows 11&#039;, os.arch: &#039;amd64&#039;, os.version: &#039;10.0&#039;, java.version: &#039;17.0.6&#039;
Driver info: driver.version: unknown" type="org.openqa.selenium.NoSuchElementException">
      <![CDATA[org.openqa.selenium.NoSuchElementException: Cannot locate option with value: report
For documentation on this error, please visit: https://www.selenium.dev/documentation/webdriver/troubleshooting/errors#no-such-element-exception
Build info: version: '4.13.0', revision: 'ba948ece5b*'
System info: os.name: 'Windows 11', os.arch: 'amd64', os.version: '10.0', java.version: '17.0.6'
Driver info: driver.version: unknown
at org.openqa.selenium.support.ui.Select.findOptionsByValue(Select.java:289)
at org.openqa.selenium.support.ui.Select.selectByValue(Select.java:194)
at com.tests.automationSalesforce.UserMenuDropDown.mySettings(UserMenuDropDown.java:244)
at java.base/jdk.internal.reflect.NativeMethodAccessorImpl.invoke0(Native Method)
at java.base/jdk.internal.reflect.NativeMethodAccessorImpl.invoke(NativeMethodAccessorImpl.java:77)
at java.base/jdk.internal.reflect.DelegatingMethodAccessorImpl.invoke(DelegatingMethodAccessorImpl.java:43)
at java.base/java.lang.reflect.Method.invoke(Method.java:568)
at org.testng.internal.invokers.MethodInvocationHelper.invokeMethod(MethodInvocationHelper.java:139)
at org.testng.internal.invokers.TestInvoker.invokeMethod(TestInvoker.java:677)
at org.testng.internal.invokers.TestInvoker.invokeTestMethod(TestInvoker.java:221)
at org.testng.internal.invokers.MethodRunner.runInSequence(MethodRunner.java:50)
at org.testng.internal.invokers.TestInvoker$MethodInvocationAgent.invoke(TestInvoker.java:969)
at org.testng.internal.invokers.TestInvoker.invokeTestMethods(TestInvoker.java:194)
at org.testng.internal.invokers.TestMethodWorker.invokeTestMethods(TestMethodWorker.java:148)
at org.testng.internal.invokers.TestMethodWorker.run(TestMethodWorker.java:128)
at java.base/java.util.ArrayList.forEach(ArrayList.java:1511)
at org.testng.TestRunner.privateRun(TestRunner.java:829)
at org.testng.TestRunner.run(TestRunner.java:602)
at org.testng.SuiteRunner.runTest(SuiteRunner.java:437)
at org.testng.SuiteRunner.runSequentially(SuiteRunner.java:431)
at org.testng.SuiteRunner.privateRun(SuiteRunner.java:391)
at org.testng.SuiteRunner.run(SuiteRunner.java:330)
at org.testng.SuiteRunnerWorker.runSuite(SuiteRunnerWorker.java:52)
at org.testng.SuiteRunnerWorker.run(SuiteRunnerWorker.java:95)
at org.testng.TestNG.runSuitesSequentially(TestNG.java:1256)
at org.testng.TestNG.runSuitesLocally(TestNG.java:1176)
at org.testng.TestNG.runSuites(TestNG.java:1099)
at org.testng.TestNG.run(TestNG.java:1067)
at org.testng.remote.AbstractRemoteTestNG.run(AbstractRemoteTestNG.java:115)
at org.testng.remote.RemoteTestNG.initAndRun(RemoteTestNG.java:251)
at org.testng.remote.RemoteTestNG.main(RemoteTestNG.java:77)
]]>
    </error>
  </testcase> <!-- mySettings -->
  <system-out/>
</testsuite> <!-- com.tests.automationSalesforce.UserMenuDropDown -->
